[0.992s] Invoking command in '/home/yejin/ros2_ws/build/camera_perception_pkg': PYTHONPATH=/home/yejin/ros2_ws/build/camera_perception_pkg/prefix_override:/usr/lib/python3/dist-packages/colcon_core/task/python/colcon_distutils_commands:/home/yejin/ros2_ws/install/camera_perception_pkg/lib/python3.10/site-packages:${PYTHONPATH} /usr/bin/python3 -W ignore:setup.py install is deprecated -W ignore:easy_install command is deprecated setup.py develop --editable --build-directory /home/yejin/ros2_ws/build/camera_perception_pkg/build --no-deps symlink_data
[1.157s] running develop
[1.247s] running egg_info
[1.247s] writing camera_perception_pkg.egg-info/PKG-INFO
[1.247s] writing dependency_links to camera_perception_pkg.egg-info/dependency_links.txt
[1.247s] writing entry points to camera_perception_pkg.egg-info/entry_points.txt
[1.247s] writing requirements to camera_perception_pkg.egg-info/requires.txt
[1.247s] writing top-level names to camera_perception_pkg.egg-info/top_level.txt
[1.248s] reading manifest file 'camera_perception_pkg.egg-info/SOURCES.txt'
[1.248s] writing manifest file 'camera_perception_pkg.egg-info/SOURCES.txt'
[1.250s] running build_ext
[1.250s] Creating /home/yejin/ros2_ws/install/camera_perception_pkg/lib/python3.10/site-packages/camera-perception-pkg.egg-link (link to .)
[1.250s] Installing image_publisher_node script to /home/yejin/ros2_ws/install/camera_perception_pkg/lib/camera_perception_pkg
[1.250s] Installing lane_info_extractor_node script to /home/yejin/ros2_ws/install/camera_perception_pkg/lib/camera_perception_pkg
[1.250s] Installing traffic_light_detector_node script to /home/yejin/ros2_ws/install/camera_perception_pkg/lib/camera_perception_pkg
[1.250s] Installing yolov8_node script to /home/yejin/ros2_ws/install/camera_perception_pkg/lib/camera_perception_pkg
[1.250s] 
[1.251s] Installed /home/yejin/ros2_ws/build/camera_perception_pkg
[1.251s] running symlink_data
[1.283s] Invoked command in '/home/yejin/ros2_ws/build/camera_perception_pkg' returned '0': PYTHONPATH=/home/yejin/ros2_ws/build/camera_perception_pkg/prefix_override:/usr/lib/python3/dist-packages/colcon_core/task/python/colcon_distutils_commands:/home/yejin/ros2_ws/install/camera_perception_pkg/lib/python3.10/site-packages:${PYTHONPATH} /usr/bin/python3 -W ignore:setup.py install is deprecated -W ignore:easy_install command is deprecated setup.py develop --editable --build-directory /home/yejin/ros2_ws/build/camera_perception_pkg/build --no-deps symlink_data
