[0.952s] Invoking command in '/home/yejin/ros2_ws/build/serial_communication_pkg': PYTHONPATH=/home/yejin/ros2_ws/build/serial_communication_pkg/prefix_override:/usr/lib/python3/dist-packages/colcon_core/task/python/colcon_distutils_commands:/home/yejin/ros2_ws/install/serial_communication_pkg/lib/python3.10/site-packages:${PYTHONPATH} /usr/bin/python3 -W ignore:setup.py install is deprecated -W ignore:easy_install command is deprecated setup.py develop --editable --build-directory /home/yejin/ros2_ws/build/serial_communication_pkg/build --no-deps symlink_data
[1.107s] running develop
[1.195s] running egg_info
[1.195s] creating serial_communication_pkg.egg-info
[1.196s] writing serial_communication_pkg.egg-info/PKG-INFO
[1.197s] writing dependency_links to serial_communication_pkg.egg-info/dependency_links.txt
[1.198s] writing entry points to serial_communication_pkg.egg-info/entry_points.txt
[1.198s] writing requirements to serial_communication_pkg.egg-info/requires.txt
[1.199s] writing top-level names to serial_communication_pkg.egg-info/top_level.txt
[1.199s] writing manifest file 'serial_communication_pkg.egg-info/SOURCES.txt'
[1.200s] reading manifest file 'serial_communication_pkg.egg-info/SOURCES.txt'
[1.200s] writing manifest file 'serial_communication_pkg.egg-info/SOURCES.txt'
[1.200s] running build_ext
[1.200s] Creating /home/yejin/ros2_ws/install/serial_communication_pkg/lib/python3.10/site-packages/serial-communication-pkg.egg-link (link to .)
[1.200s] Installing serial_sender_node script to /home/yejin/ros2_ws/install/serial_communication_pkg/lib/serial_communication_pkg
[1.201s] 
[1.201s] Installed /home/yejin/ros2_ws/build/serial_communication_pkg
[1.201s] running symlink_data
[1.201s] creating /home/yejin/ros2_ws/install/serial_communication_pkg/share/ament_index
[1.201s] creating /home/yejin/ros2_ws/install/serial_communication_pkg/share/ament_index/resource_index
[1.201s] creating /home/yejin/ros2_ws/install/serial_communication_pkg/share/ament_index/resource_index/packages
[1.201s] symbolically linking /home/yejin/ros2_ws/build/serial_communication_pkg/resource/serial_communication_pkg -> /home/yejin/ros2_ws/install/serial_communication_pkg/share/ament_index/resource_index/packages
[1.201s] symbolically linking /home/yejin/ros2_ws/build/serial_communication_pkg/package.xml -> /home/yejin/ros2_ws/install/serial_communication_pkg/share/serial_communication_pkg
[1.221s] Invoked command in '/home/yejin/ros2_ws/build/serial_communication_pkg' returned '0': PYTHONPATH=/home/yejin/ros2_ws/build/serial_communication_pkg/prefix_override:/usr/lib/python3/dist-packages/colcon_core/task/python/colcon_distutils_commands:/home/yejin/ros2_ws/install/serial_communication_pkg/lib/python3.10/site-packages:${PYTHONPATH} /usr/bin/python3 -W ignore:setup.py install is deprecated -W ignore:easy_install command is deprecated setup.py develop --editable --build-directory /home/yejin/ros2_ws/build/serial_communication_pkg/build --no-deps symlink_data
