[0.953s] Invoking command in '/home/yejin/ros2_ws/build/debug_pkg': PYTHONPATH=/home/yejin/ros2_ws/build/debug_pkg/prefix_override:/usr/lib/python3/dist-packages/colcon_core/task/python/colcon_distutils_commands:/home/yejin/ros2_ws/install/debug_pkg/lib/python3.10/site-packages:${PYTHONPATH} /usr/bin/python3 -W ignore:setup.py install is deprecated -W ignore:easy_install command is deprecated setup.py develop --editable --build-directory /home/yejin/ros2_ws/build/debug_pkg/build --no-deps symlink_data
[1.099s] running develop
[1.181s] running egg_info
[1.181s] creating debug_pkg.egg-info
[1.181s] writing debug_pkg.egg-info/PKG-INFO
[1.181s] writing dependency_links to debug_pkg.egg-info/dependency_links.txt
[1.181s] writing entry points to debug_pkg.egg-info/entry_points.txt
[1.181s] writing requirements to debug_pkg.egg-info/requires.txt
[1.181s] writing top-level names to debug_pkg.egg-info/top_level.txt
[1.181s] writing manifest file 'debug_pkg.egg-info/SOURCES.txt'
[1.182s] reading manifest file 'debug_pkg.egg-info/SOURCES.txt'
[1.182s] writing manifest file 'debug_pkg.egg-info/SOURCES.txt'
[1.183s] running build_ext
[1.183s] Creating /home/yejin/ros2_ws/install/debug_pkg/lib/python3.10/site-packages/debug-pkg.egg-link (link to .)
[1.184s] Installing path_visualizer_node script to /home/yejin/ros2_ws/install/debug_pkg/lib/debug_pkg
[1.184s] Installing yolov8_visualizer_node script to /home/yejin/ros2_ws/install/debug_pkg/lib/debug_pkg
[1.184s] 
[1.184s] Installed /home/yejin/ros2_ws/build/debug_pkg
[1.184s] running symlink_data
[1.184s] creating /home/yejin/ros2_ws/install/debug_pkg/share/ament_index
[1.184s] creating /home/yejin/ros2_ws/install/debug_pkg/share/ament_index/resource_index
[1.184s] creating /home/yejin/ros2_ws/install/debug_pkg/share/ament_index/resource_index/packages
[1.184s] symbolically linking /home/yejin/ros2_ws/build/debug_pkg/resource/debug_pkg -> /home/yejin/ros2_ws/install/debug_pkg/share/ament_index/resource_index/packages
[1.185s] symbolically linking /home/yejin/ros2_ws/build/debug_pkg/package.xml -> /home/yejin/ros2_ws/install/debug_pkg/share/debug_pkg
[1.203s] Invoked command in '/home/yejin/ros2_ws/build/debug_pkg' returned '0': PYTHONPATH=/home/yejin/ros2_ws/build/debug_pkg/prefix_override:/usr/lib/python3/dist-packages/colcon_core/task/python/colcon_distutils_commands:/home/yejin/ros2_ws/install/debug_pkg/lib/python3.10/site-packages:${PYTHONPATH} /usr/bin/python3 -W ignore:setup.py install is deprecated -W ignore:easy_install command is deprecated setup.py develop --editable --build-directory /home/yejin/ros2_ws/build/debug_pkg/build --no-deps symlink_data
