[0.960s] Invoking command in '/home/yejin/ros2_ws/build/lidar_perception_pkg': PYTHONPATH=/home/yejin/ros2_ws/build/lidar_perception_pkg/prefix_override:/usr/lib/python3/dist-packages/colcon_core/task/python/colcon_distutils_commands:/home/yejin/ros2_ws/install/lidar_perception_pkg/lib/python3.10/site-packages:${PYTHONPATH} /usr/bin/python3 -W ignore:setup.py install is deprecated -W ignore:easy_install command is deprecated setup.py develop --editable --build-directory /home/yejin/ros2_ws/build/lidar_perception_pkg/build --no-deps symlink_data
[1.128s] running develop
[1.215s] running egg_info
[1.215s] creating lidar_perception_pkg.egg-info
[1.215s] writing lidar_perception_pkg.egg-info/PKG-INFO
[1.215s] writing dependency_links to lidar_perception_pkg.egg-info/dependency_links.txt
[1.215s] writing entry points to lidar_perception_pkg.egg-info/entry_points.txt
[1.215s] writing requirements to lidar_perception_pkg.egg-info/requires.txt
[1.216s] writing top-level names to lidar_perception_pkg.egg-info/top_level.txt
[1.216s] writing manifest file 'lidar_perception_pkg.egg-info/SOURCES.txt'
[1.217s] reading manifest file 'lidar_perception_pkg.egg-info/SOURCES.txt'
[1.217s] writing manifest file 'lidar_perception_pkg.egg-info/SOURCES.txt'
[1.218s] running build_ext
[1.218s] Creating /home/yejin/ros2_ws/install/lidar_perception_pkg/lib/python3.10/site-packages/lidar-perception-pkg.egg-link (link to .)
[1.219s] Installing lidar_obstacle_detector_node script to /home/yejin/ros2_ws/install/lidar_perception_pkg/lib/lidar_perception_pkg
[1.219s] Installing lidar_processor_node script to /home/yejin/ros2_ws/install/lidar_perception_pkg/lib/lidar_perception_pkg
[1.219s] Installing lidar_publisher_node script to /home/yejin/ros2_ws/install/lidar_perception_pkg/lib/lidar_perception_pkg
[1.219s] 
[1.219s] Installed /home/yejin/ros2_ws/build/lidar_perception_pkg
[1.219s] running symlink_data
[1.219s] creating /home/yejin/ros2_ws/install/lidar_perception_pkg/share/ament_index
[1.219s] creating /home/yejin/ros2_ws/install/lidar_perception_pkg/share/ament_index/resource_index
[1.219s] creating /home/yejin/ros2_ws/install/lidar_perception_pkg/share/ament_index/resource_index/packages
[1.219s] symbolically linking /home/yejin/ros2_ws/build/lidar_perception_pkg/resource/lidar_perception_pkg -> /home/yejin/ros2_ws/install/lidar_perception_pkg/share/ament_index/resource_index/packages
[1.219s] symbolically linking /home/yejin/ros2_ws/build/lidar_perception_pkg/package.xml -> /home/yejin/ros2_ws/install/lidar_perception_pkg/share/lidar_perception_pkg
[1.239s] Invoked command in '/home/yejin/ros2_ws/build/lidar_perception_pkg' returned '0': PYTHONPATH=/home/yejin/ros2_ws/build/lidar_perception_pkg/prefix_override:/usr/lib/python3/dist-packages/colcon_core/task/python/colcon_distutils_commands:/home/yejin/ros2_ws/install/lidar_perception_pkg/lib/python3.10/site-packages:${PYTHONPATH} /usr/bin/python3 -W ignore:setup.py install is deprecated -W ignore:easy_install command is deprecated setup.py develop --editable --build-directory /home/yejin/ros2_ws/build/lidar_perception_pkg/build --no-deps symlink_data
