[0.450s] Invoking command in '/home/yejin/ros2_ws/build/interfaces_pkg': CMAKE_PREFIX_PATH=${CMAKE_PREFIX_PATH}:/home/yejin/ros2_ws/install/camera_perception_pkg:/opt/ros/humble /usr/bin/cmake --build /home/yejin/ros2_ws/build/interfaces_pkg -- -j22 -l22
[0.600s] [35m[1mConsolidate compiler generated dependencies of target interfaces_pkg__rosidl_generator_c[0m
[0.600s] [  0%] Built target interfaces_pkg__cpp
[0.600s] [  0%] Built target ament_cmake_python_symlink_interfaces_pkg
[0.601s] [ 12%] Built target interfaces_pkg__rosidl_generator_c
[0.601s] [35m[1mConsolidate compiler generated dependencies of target interfaces_pkg__rosidl_typesupport_cpp[0m
[0.601s] [35m[1mConsolidate compiler generated dependencies of target interfaces_pkg__rosidl_typesupport_introspection_cpp[0m
[0.601s] [35m[1mConsolidate compiler generated dependencies of target interfaces_pkg__rosidl_typesupport_fastrtps_cpp[0m
[0.601s] [35m[1mConsolidate compiler generated dependencies of target interfaces_pkg__rosidl_typesupport_c[0m
[0.601s] [35m[1mConsolidate compiler generated dependencies of target interfaces_pkg__rosidl_typesupport_fastrtps_c[0m
[0.601s] [35m[1mConsolidate compiler generated dependencies of target interfaces_pkg__rosidl_typesupport_introspection_c[0m
[0.601s] [ 24%] Built target interfaces_pkg__rosidl_typesupport_cpp
[0.601s] [ 36%] Built target interfaces_pkg__rosidl_typesupport_c
[0.601s] [ 48%] Built target interfaces_pkg__rosidl_typesupport_introspection_cpp
[0.601s] [ 60%] Built target interfaces_pkg__rosidl_typesupport_fastrtps_c
[0.601s] [ 72%] Built target interfaces_pkg__rosidl_typesupport_introspection_c
[0.601s] [ 84%] Built target interfaces_pkg__rosidl_typesupport_fastrtps_cpp
[0.601s] [ 84%] Built target interfaces_pkg
[0.601s] [ 85%] Built target interfaces_pkg__py
[0.601s] [35m[1mConsolidate compiler generated dependencies of target interfaces_pkg__rosidl_generator_py[0m
[0.601s] [ 96%] Built target interfaces_pkg__rosidl_generator_py
[0.601s] [35m[1mConsolidate compiler generated dependencies of target interfaces_pkg__rosidl_typesupport_introspection_c__pyext[0m
[0.601s] [35m[1mConsolidate compiler generated dependencies of target interfaces_pkg__rosidl_typesupport_fastrtps_c__pyext[0m
[0.601s] [35m[1mConsolidate compiler generated dependencies of target interfaces_pkg__rosidl_typesupport_c__pyext[0m
[0.601s] [ 98%] Built target interfaces_pkg__rosidl_typesupport_introspection_c__pyext
[0.601s] [ 99%] Built target interfaces_pkg__rosidl_typesupport_fastrtps_c__pyext
[0.601s] [100%] Built target interfaces_pkg__rosidl_typesupport_c__pyext
[0.645s] running egg_info
[0.645s] writing interfaces_pkg.egg-info/PKG-INFO
[0.645s] writing dependency_links to interfaces_pkg.egg-info/dependency_links.txt
[0.646s] writing top-level names to interfaces_pkg.egg-info/top_level.txt
[0.647s] reading manifest file 'interfaces_pkg.egg-info/SOURCES.txt'
[0.647s] writing manifest file 'interfaces_pkg.egg-info/SOURCES.txt'
[0.665s] [100%] Built target ament_cmake_python_build_interfaces_pkg_egg
[0.759s] Invoked command in '/home/yejin/ros2_ws/build/interfaces_pkg' returned '0': CMAKE_PREFIX_PATH=${CMAKE_PREFIX_PATH}:/home/yejin/ros2_ws/install/camera_perception_pkg:/opt/ros/humble /usr/bin/cmake --build /home/yejin/ros2_ws/build/interfaces_pkg -- -j22 -l22
[0.769s] Invoking command in '/home/yejin/ros2_ws/build/interfaces_pkg': CMAKE_PREFIX_PATH=${CMAKE_PREFIX_PATH}:/home/yejin/ros2_ws/install/camera_perception_pkg:/opt/ros/humble /usr/bin/cmake --install /home/yejin/ros2_ws/build/interfaces_pkg
[0.775s] -- Install configuration: ""
[0.776s] -- Execute custom install script
[0.776s] -- Up-to-date symlink: /home/yejin/ros2_ws/install/interfaces_pkg/share/ament_index/resource_index/rosidl_interfaces/interfaces_pkg
[0.776s] -- Up-to-date symlink: /home/yejin/ros2_ws/install/interfaces_pkg/include/interfaces_pkg/interfaces_pkg/msg/bounding_box2_d.h
[0.776s] -- Up-to-date symlink: /home/yejin/ros2_ws/install/interfaces_pkg/include/interfaces_pkg/interfaces_pkg/msg/bounding_box3_d.h
[0.776s] -- Up-to-date symlink: /home/yejin/ros2_ws/install/interfaces_pkg/include/interfaces_pkg/interfaces_pkg/msg/detail/bounding_box2_d__functions.h
[0.776s] -- Up-to-date symlink: /home/yejin/ros2_ws/install/interfaces_pkg/include/interfaces_pkg/interfaces_pkg/msg/detail/bounding_box2_d__struct.h
[0.777s] -- Up-to-date symlink: /home/yejin/ros2_ws/install/interfaces_pkg/include/interfaces_pkg/interfaces_pkg/msg/detail/bounding_box2_d__type_support.h
[0.777s] -- Up-to-date symlink: /home/yejin/ros2_ws/install/interfaces_pkg/include/interfaces_pkg/interfaces_pkg/msg/detail/bounding_box3_d__functions.h
[0.777s] -- Up-to-date symlink: /home/yejin/ros2_ws/install/interfaces_pkg/include/interfaces_pkg/interfaces_pkg/msg/detail/bounding_box3_d__struct.h
[0.777s] -- Up-to-date symlink: /home/yejin/ros2_ws/install/interfaces_pkg/include/interfaces_pkg/interfaces_pkg/msg/detail/bounding_box3_d__type_support.h
[0.777s] -- Up-to-date symlink: /home/yejin/ros2_ws/install/interfaces_pkg/include/interfaces_pkg/interfaces_pkg/msg/detail/detection__functions.h
[0.777s] -- Up-to-date symlink: /home/yejin/ros2_ws/install/interfaces_pkg/include/interfaces_pkg/interfaces_pkg/msg/detail/detection__struct.h
[0.777s] -- Up-to-date symlink: /home/yejin/ros2_ws/install/interfaces_pkg/include/interfaces_pkg/interfaces_pkg/msg/detail/detection__type_support.h
[0.777s] -- Up-to-date symlink: /home/yejin/ros2_ws/install/interfaces_pkg/include/interfaces_pkg/interfaces_pkg/msg/detail/detection_array__functions.h
[0.777s] -- Up-to-date symlink: /home/yejin/ros2_ws/install/interfaces_pkg/include/interfaces_pkg/interfaces_pkg/msg/detail/detection_array__struct.h
[0.777s] -- Up-to-date symlink: /home/yejin/ros2_ws/install/interfaces_pkg/include/interfaces_pkg/interfaces_pkg/msg/detail/detection_array__type_support.h
[0.777s] -- Up-to-date symlink: /home/yejin/ros2_ws/install/interfaces_pkg/include/interfaces_pkg/interfaces_pkg/msg/detail/key_point2_d__functions.h
[0.777s] -- Up-to-date symlink: /home/yejin/ros2_ws/install/interfaces_pkg/include/interfaces_pkg/interfaces_pkg/msg/detail/key_point2_d__struct.h
[0.777s] -- Up-to-date symlink: /home/yejin/ros2_ws/install/interfaces_pkg/include/interfaces_pkg/interfaces_pkg/msg/detail/key_point2_d__type_support.h
[0.777s] -- Up-to-date symlink: /home/yejin/ros2_ws/install/interfaces_pkg/include/interfaces_pkg/interfaces_pkg/msg/detail/key_point2_d_array__functions.h
[0.777s] -- Up-to-date symlink: /home/yejin/ros2_ws/install/interfaces_pkg/include/interfaces_pkg/interfaces_pkg/msg/detail/key_point2_d_array__struct.h
[0.777s] -- Up-to-date symlink: /home/yejin/ros2_ws/install/interfaces_pkg/include/interfaces_pkg/interfaces_pkg/msg/detail/key_point2_d_array__type_support.h
[0.778s] -- Up-to-date symlink: /home/yejin/ros2_ws/install/interfaces_pkg/include/interfaces_pkg/interfaces_pkg/msg/detail/key_point3_d__functions.h
[0.778s] -- Up-to-date symlink: /home/yejin/ros2_ws/install/interfaces_pkg/include/interfaces_pkg/interfaces_pkg/msg/detail/key_point3_d__struct.h
[0.778s] -- Up-to-date symlink: /home/yejin/ros2_ws/install/interfaces_pkg/include/interfaces_pkg/interfaces_pkg/msg/detail/key_point3_d__type_support.h
[0.778s] -- Up-to-date symlink: /home/yejin/ros2_ws/install/interfaces_pkg/include/interfaces_pkg/interfaces_pkg/msg/detail/key_point3_d_array__functions.h
[0.778s] -- Up-to-date symlink: /home/yejin/ros2_ws/install/interfaces_pkg/include/interfaces_pkg/interfaces_pkg/msg/detail/key_point3_d_array__struct.h
[0.778s] -- Up-to-date symlink: /home/yejin/ros2_ws/install/interfaces_pkg/include/interfaces_pkg/interfaces_pkg/msg/detail/key_point3_d_array__type_support.h
[0.778s] -- Up-to-date symlink: /home/yejin/ros2_ws/install/interfaces_pkg/include/interfaces_pkg/interfaces_pkg/msg/detail/lane_info__functions.h
[0.778s] -- Up-to-date symlink: /home/yejin/ros2_ws/install/interfaces_pkg/include/interfaces_pkg/interfaces_pkg/msg/detail/lane_info__struct.h
[0.778s] -- Up-to-date symlink: /home/yejin/ros2_ws/install/interfaces_pkg/include/interfaces_pkg/interfaces_pkg/msg/detail/lane_info__type_support.h
[0.778s] -- Up-to-date symlink: /home/yejin/ros2_ws/install/interfaces_pkg/include/interfaces_pkg/interfaces_pkg/msg/detail/mask__functions.h
[0.778s] -- Up-to-date symlink: /home/yejin/ros2_ws/install/interfaces_pkg/include/interfaces_pkg/interfaces_pkg/msg/detail/mask__struct.h
[0.778s] -- Up-to-date symlink: /home/yejin/ros2_ws/install/interfaces_pkg/include/interfaces_pkg/interfaces_pkg/msg/detail/mask__type_support.h
[0.778s] -- Up-to-date symlink: /home/yejin/ros2_ws/install/interfaces_pkg/include/interfaces_pkg/interfaces_pkg/msg/detail/motion_command__functions.h
[0.778s] -- Up-to-date symlink: /home/yejin/ros2_ws/install/interfaces_pkg/include/interfaces_pkg/interfaces_pkg/msg/detail/motion_command__struct.h
[0.778s] -- Up-to-date symlink: /home/yejin/ros2_ws/install/interfaces_pkg/include/interfaces_pkg/interfaces_pkg/msg/detail/motion_command__type_support.h
[0.778s] -- Up-to-date symlink: /home/yejin/ros2_ws/install/interfaces_pkg/include/interfaces_pkg/interfaces_pkg/msg/detail/path_planning_result__functions.h
[0.779s] -- Up-to-date symlink: /home/yejin/ros2_ws/install/interfaces_pkg/include/interfaces_pkg/interfaces_pkg/msg/detail/path_planning_result__struct.h
[0.779s] -- Up-to-date symlink: /home/yejin/ros2_ws/install/interfaces_pkg/include/interfaces_pkg/interfaces_pkg/msg/detail/path_planning_result__type_support.h
[0.779s] -- Up-to-date symlink: /home/yejin/ros2_ws/install/interfaces_pkg/include/interfaces_pkg/interfaces_pkg/msg/detail/point2_d__functions.h
[0.779s] -- Up-to-date symlink: /home/yejin/ros2_ws/install/interfaces_pkg/include/interfaces_pkg/interfaces_pkg/msg/detail/point2_d__struct.h
[0.779s] -- Up-to-date symlink: /home/yejin/ros2_ws/install/interfaces_pkg/include/interfaces_pkg/interfaces_pkg/msg/detail/point2_d__type_support.h
[0.779s] -- Up-to-date symlink: /home/yejin/ros2_ws/install/interfaces_pkg/include/interfaces_pkg/interfaces_pkg/msg/detail/pose2_d__functions.h
[0.779s] -- Up-to-date symlink: /home/yejin/ros2_ws/install/interfaces_pkg/include/interfaces_pkg/interfaces_pkg/msg/detail/pose2_d__struct.h
[0.779s] -- Up-to-date symlink: /home/yejin/ros2_ws/install/interfaces_pkg/include/interfaces_pkg/interfaces_pkg/msg/detail/pose2_d__type_support.h
[0.779s] -- Up-to-date symlink: /home/yejin/ros2_ws/install/interfaces_pkg/include/interfaces_pkg/interfaces_pkg/msg/detail/target_point__functions.h
[0.779s] -- Up-to-date symlink: /home/yejin/ros2_ws/install/interfaces_pkg/include/interfaces_pkg/interfaces_pkg/msg/detail/target_point__struct.h
[0.779s] -- Up-to-date symlink: /home/yejin/ros2_ws/install/interfaces_pkg/include/interfaces_pkg/interfaces_pkg/msg/detail/target_point__type_support.h
[0.779s] -- Up-to-date symlink: /home/yejin/ros2_ws/install/interfaces_pkg/include/interfaces_pkg/interfaces_pkg/msg/detail/vector2__functions.h
[0.779s] -- Up-to-date symlink: /home/yejin/ros2_ws/install/interfaces_pkg/include/interfaces_pkg/interfaces_pkg/msg/detail/vector2__struct.h
[0.779s] -- Up-to-date symlink: /home/yejin/ros2_ws/install/interfaces_pkg/include/interfaces_pkg/interfaces_pkg/msg/detail/vector2__type_support.h
[0.779s] -- Up-to-date symlink: /home/yejin/ros2_ws/install/interfaces_pkg/include/interfaces_pkg/interfaces_pkg/msg/detection.h
[0.779s] -- Up-to-date symlink: /home/yejin/ros2_ws/install/interfaces_pkg/include/interfaces_pkg/interfaces_pkg/msg/detection_array.h
[0.779s] -- Up-to-date symlink: /home/yejin/ros2_ws/install/interfaces_pkg/include/interfaces_pkg/interfaces_pkg/msg/key_point2_d.h
[0.779s] -- Up-to-date symlink: /home/yejin/ros2_ws/install/interfaces_pkg/include/interfaces_pkg/interfaces_pkg/msg/key_point2_d_array.h
[0.779s] -- Up-to-date symlink: /home/yejin/ros2_ws/install/interfaces_pkg/include/interfaces_pkg/interfaces_pkg/msg/key_point3_d.h
[0.780s] -- Up-to-date symlink: /home/yejin/ros2_ws/install/interfaces_pkg/include/interfaces_pkg/interfaces_pkg/msg/key_point3_d_array.h
[0.780s] -- Up-to-date symlink: /home/yejin/ros2_ws/install/interfaces_pkg/include/interfaces_pkg/interfaces_pkg/msg/lane_info.h
[0.780s] -- Up-to-date symlink: /home/yejin/ros2_ws/install/interfaces_pkg/include/interfaces_pkg/interfaces_pkg/msg/mask.h
[0.780s] -- Up-to-date symlink: /home/yejin/ros2_ws/install/interfaces_pkg/include/interfaces_pkg/interfaces_pkg/msg/motion_command.h
[0.780s] -- Up-to-date symlink: /home/yejin/ros2_ws/install/interfaces_pkg/include/interfaces_pkg/interfaces_pkg/msg/path_planning_result.h
[0.780s] -- Up-to-date symlink: /home/yejin/ros2_ws/install/interfaces_pkg/include/interfaces_pkg/interfaces_pkg/msg/point2_d.h
[0.780s] -- Up-to-date symlink: /home/yejin/ros2_ws/install/interfaces_pkg/include/interfaces_pkg/interfaces_pkg/msg/pose2_d.h
[0.780s] -- Up-to-date symlink: /home/yejin/ros2_ws/install/interfaces_pkg/include/interfaces_pkg/interfaces_pkg/msg/rosidl_generator_c__visibility_control.h
[0.780s] -- Up-to-date symlink: /home/yejin/ros2_ws/install/interfaces_pkg/include/interfaces_pkg/interfaces_pkg/msg/target_point.h
[0.780s] -- Up-to-date symlink: /home/yejin/ros2_ws/install/interfaces_pkg/include/interfaces_pkg/interfaces_pkg/msg/vector2.h
[0.780s] -- Up-to-date symlink: /home/yejin/ros2_ws/install/interfaces_pkg/share/interfaces_pkg/environment/library_path.sh
[0.780s] -- Up-to-date symlink: /home/yejin/ros2_ws/install/interfaces_pkg/share/interfaces_pkg/environment/library_path.dsv
[0.780s] -- Up-to-date symlink: /home/yejin/ros2_ws/install/interfaces_pkg/include/interfaces_pkg/interfaces_pkg/msg/detail/bounding_box2_d__rosidl_typesupport_fastrtps_c.h
[0.780s] -- Up-to-date symlink: /home/yejin/ros2_ws/install/interfaces_pkg/include/interfaces_pkg/interfaces_pkg/msg/detail/bounding_box3_d__rosidl_typesupport_fastrtps_c.h
[0.780s] -- Up-to-date symlink: /home/yejin/ros2_ws/install/interfaces_pkg/include/interfaces_pkg/interfaces_pkg/msg/detail/detection__rosidl_typesupport_fastrtps_c.h
[0.780s] -- Up-to-date symlink: /home/yejin/ros2_ws/install/interfaces_pkg/include/interfaces_pkg/interfaces_pkg/msg/detail/detection_array__rosidl_typesupport_fastrtps_c.h
[0.780s] -- Up-to-date symlink: /home/yejin/ros2_ws/install/interfaces_pkg/include/interfaces_pkg/interfaces_pkg/msg/detail/key_point2_d__rosidl_typesupport_fastrtps_c.h
[0.780s] -- Up-to-date symlink: /home/yejin/ros2_ws/install/interfaces_pkg/include/interfaces_pkg/interfaces_pkg/msg/detail/key_point2_d_array__rosidl_typesupport_fastrtps_c.h
[0.780s] -- Up-to-date symlink: /home/yejin/ros2_ws/install/interfaces_pkg/include/interfaces_pkg/interfaces_pkg/msg/detail/key_point3_d__rosidl_typesupport_fastrtps_c.h
[0.781s] -- Up-to-date symlink: /home/yejin/ros2_ws/install/interfaces_pkg/include/interfaces_pkg/interfaces_pkg/msg/detail/key_point3_d_array__rosidl_typesupport_fastrtps_c.h
[0.781s] -- Up-to-date symlink: /home/yejin/ros2_ws/install/interfaces_pkg/include/interfaces_pkg/interfaces_pkg/msg/detail/lane_info__rosidl_typesupport_fastrtps_c.h
[0.781s] -- Up-to-date symlink: /home/yejin/ros2_ws/install/interfaces_pkg/include/interfaces_pkg/interfaces_pkg/msg/detail/mask__rosidl_typesupport_fastrtps_c.h
[0.781s] -- Up-to-date symlink: /home/yejin/ros2_ws/install/interfaces_pkg/include/interfaces_pkg/interfaces_pkg/msg/detail/motion_command__rosidl_typesupport_fastrtps_c.h
[0.781s] -- Up-to-date symlink: /home/yejin/ros2_ws/install/interfaces_pkg/include/interfaces_pkg/interfaces_pkg/msg/detail/path_planning_result__rosidl_typesupport_fastrtps_c.h
[0.781s] -- Up-to-date symlink: /home/yejin/ros2_ws/install/interfaces_pkg/include/interfaces_pkg/interfaces_pkg/msg/detail/point2_d__rosidl_typesupport_fastrtps_c.h
[0.781s] -- Up-to-date symlink: /home/yejin/ros2_ws/install/interfaces_pkg/include/interfaces_pkg/interfaces_pkg/msg/detail/pose2_d__rosidl_typesupport_fastrtps_c.h
[0.781s] -- Up-to-date symlink: /home/yejin/ros2_ws/install/interfaces_pkg/include/interfaces_pkg/interfaces_pkg/msg/detail/target_point__rosidl_typesupport_fastrtps_c.h
[0.781s] -- Up-to-date symlink: /home/yejin/ros2_ws/install/interfaces_pkg/include/interfaces_pkg/interfaces_pkg/msg/detail/vector2__rosidl_typesupport_fastrtps_c.h
[0.781s] -- Up-to-date symlink: /home/yejin/ros2_ws/install/interfaces_pkg/include/interfaces_pkg/interfaces_pkg/msg/rosidl_typesupport_fastrtps_c__visibility_control.h
[0.781s] -- Up-to-date symlink: /home/yejin/ros2_ws/install/interfaces_pkg/include/interfaces_pkg/interfaces_pkg/msg/detail/bounding_box2_d__rosidl_typesupport_introspection_c.h
[0.781s] -- Up-to-date symlink: /home/yejin/ros2_ws/install/interfaces_pkg/include/interfaces_pkg/interfaces_pkg/msg/detail/bounding_box3_d__rosidl_typesupport_introspection_c.h
[0.781s] -- Up-to-date symlink: /home/yejin/ros2_ws/install/interfaces_pkg/include/interfaces_pkg/interfaces_pkg/msg/detail/detection__rosidl_typesupport_introspection_c.h
[0.781s] -- Up-to-date symlink: /home/yejin/ros2_ws/install/interfaces_pkg/include/interfaces_pkg/interfaces_pkg/msg/detail/detection_array__rosidl_typesupport_introspection_c.h
[0.781s] -- Up-to-date symlink: /home/yejin/ros2_ws/install/interfaces_pkg/include/interfaces_pkg/interfaces_pkg/msg/detail/key_point2_d__rosidl_typesupport_introspection_c.h
[0.781s] -- Up-to-date symlink: /home/yejin/ros2_ws/install/interfaces_pkg/include/interfaces_pkg/interfaces_pkg/msg/detail/key_point2_d_array__rosidl_typesupport_introspection_c.h
[0.781s] -- Up-to-date symlink: /home/yejin/ros2_ws/install/interfaces_pkg/include/interfaces_pkg/interfaces_pkg/msg/detail/key_point3_d__rosidl_typesupport_introspection_c.h
[0.781s] -- Up-to-date symlink: /home/yejin/ros2_ws/install/interfaces_pkg/include/interfaces_pkg/interfaces_pkg/msg/detail/key_point3_d_array__rosidl_typesupport_introspection_c.h
[0.781s] -- Up-to-date symlink: /home/yejin/ros2_ws/install/interfaces_pkg/include/interfaces_pkg/interfaces_pkg/msg/detail/lane_info__rosidl_typesupport_introspection_c.h
[0.782s] -- Up-to-date symlink: /home/yejin/ros2_ws/install/interfaces_pkg/include/interfaces_pkg/interfaces_pkg/msg/detail/mask__rosidl_typesupport_introspection_c.h
[0.782s] -- Up-to-date symlink: /home/yejin/ros2_ws/install/interfaces_pkg/include/interfaces_pkg/interfaces_pkg/msg/detail/motion_command__rosidl_typesupport_introspection_c.h
[0.782s] -- Up-to-date symlink: /home/yejin/ros2_ws/install/interfaces_pkg/include/interfaces_pkg/interfaces_pkg/msg/detail/path_planning_result__rosidl_typesupport_introspection_c.h
[0.782s] -- Up-to-date symlink: /home/yejin/ros2_ws/install/interfaces_pkg/include/interfaces_pkg/interfaces_pkg/msg/detail/point2_d__rosidl_typesupport_introspection_c.h
[0.782s] -- Up-to-date symlink: /home/yejin/ros2_ws/install/interfaces_pkg/include/interfaces_pkg/interfaces_pkg/msg/detail/pose2_d__rosidl_typesupport_introspection_c.h
[0.782s] -- Up-to-date symlink: /home/yejin/ros2_ws/install/interfaces_pkg/include/interfaces_pkg/interfaces_pkg/msg/detail/target_point__rosidl_typesupport_introspection_c.h
[0.782s] -- Up-to-date symlink: /home/yejin/ros2_ws/install/interfaces_pkg/include/interfaces_pkg/interfaces_pkg/msg/detail/vector2__rosidl_typesupport_introspection_c.h
[0.782s] -- Up-to-date symlink: /home/yejin/ros2_ws/install/interfaces_pkg/include/interfaces_pkg/interfaces_pkg/msg/rosidl_typesupport_introspection_c__visibility_control.h
[0.782s] -- Up-to-date symlink: /home/yejin/ros2_ws/install/interfaces_pkg/include/interfaces_pkg/interfaces_pkg/msg/bounding_box2_d.hpp
[0.782s] -- Up-to-date symlink: /home/yejin/ros2_ws/install/interfaces_pkg/include/interfaces_pkg/interfaces_pkg/msg/bounding_box3_d.hpp
[0.782s] -- Up-to-date symlink: /home/yejin/ros2_ws/install/interfaces_pkg/include/interfaces_pkg/interfaces_pkg/msg/detail/bounding_box2_d__builder.hpp
[0.782s] -- Up-to-date symlink: /home/yejin/ros2_ws/install/interfaces_pkg/include/interfaces_pkg/interfaces_pkg/msg/detail/bounding_box2_d__struct.hpp
[0.782s] -- Up-to-date symlink: /home/yejin/ros2_ws/install/interfaces_pkg/include/interfaces_pkg/interfaces_pkg/msg/detail/bounding_box2_d__traits.hpp
[0.782s] -- Up-to-date symlink: /home/yejin/ros2_ws/install/interfaces_pkg/include/interfaces_pkg/interfaces_pkg/msg/detail/bounding_box2_d__type_support.hpp
[0.782s] -- Up-to-date symlink: /home/yejin/ros2_ws/install/interfaces_pkg/include/interfaces_pkg/interfaces_pkg/msg/detail/bounding_box3_d__builder.hpp
[0.782s] -- Up-to-date symlink: /home/yejin/ros2_ws/install/interfaces_pkg/include/interfaces_pkg/interfaces_pkg/msg/detail/bounding_box3_d__struct.hpp
[0.782s] -- Up-to-date symlink: /home/yejin/ros2_ws/install/interfaces_pkg/include/interfaces_pkg/interfaces_pkg/msg/detail/bounding_box3_d__traits.hpp
[0.782s] -- Up-to-date symlink: /home/yejin/ros2_ws/install/interfaces_pkg/include/interfaces_pkg/interfaces_pkg/msg/detail/bounding_box3_d__type_support.hpp
[0.783s] -- Up-to-date symlink: /home/yejin/ros2_ws/install/interfaces_pkg/include/interfaces_pkg/interfaces_pkg/msg/detail/detection__builder.hpp
[0.783s] -- Up-to-date symlink: /home/yejin/ros2_ws/install/interfaces_pkg/include/interfaces_pkg/interfaces_pkg/msg/detail/detection__struct.hpp
[0.783s] -- Up-to-date symlink: /home/yejin/ros2_ws/install/interfaces_pkg/include/interfaces_pkg/interfaces_pkg/msg/detail/detection__traits.hpp
[0.783s] -- Up-to-date symlink: /home/yejin/ros2_ws/install/interfaces_pkg/include/interfaces_pkg/interfaces_pkg/msg/detail/detection__type_support.hpp
[0.783s] -- Up-to-date symlink: /home/yejin/ros2_ws/install/interfaces_pkg/include/interfaces_pkg/interfaces_pkg/msg/detail/detection_array__builder.hpp
[0.783s] -- Up-to-date symlink: /home/yejin/ros2_ws/install/interfaces_pkg/include/interfaces_pkg/interfaces_pkg/msg/detail/detection_array__struct.hpp
[0.783s] -- Up-to-date symlink: /home/yejin/ros2_ws/install/interfaces_pkg/include/interfaces_pkg/interfaces_pkg/msg/detail/detection_array__traits.hpp
[0.783s] -- Up-to-date symlink: /home/yejin/ros2_ws/install/interfaces_pkg/include/interfaces_pkg/interfaces_pkg/msg/detail/detection_array__type_support.hpp
[0.783s] -- Up-to-date symlink: /home/yejin/ros2_ws/install/interfaces_pkg/include/interfaces_pkg/interfaces_pkg/msg/detail/key_point2_d__builder.hpp
[0.783s] -- Up-to-date symlink: /home/yejin/ros2_ws/install/interfaces_pkg/include/interfaces_pkg/interfaces_pkg/msg/detail/key_point2_d__struct.hpp
[0.783s] -- Up-to-date symlink: /home/yejin/ros2_ws/install/interfaces_pkg/include/interfaces_pkg/interfaces_pkg/msg/detail/key_point2_d__traits.hpp
[0.783s] -- Up-to-date symlink: /home/yejin/ros2_ws/install/interfaces_pkg/include/interfaces_pkg/interfaces_pkg/msg/detail/key_point2_d__type_support.hpp
[0.783s] -- Up-to-date symlink: /home/yejin/ros2_ws/install/interfaces_pkg/include/interfaces_pkg/interfaces_pkg/msg/detail/key_point2_d_array__builder.hpp
[0.783s] -- Up-to-date symlink: /home/yejin/ros2_ws/install/interfaces_pkg/include/interfaces_pkg/interfaces_pkg/msg/detail/key_point2_d_array__struct.hpp
[0.783s] -- Up-to-date symlink: /home/yejin/ros2_ws/install/interfaces_pkg/include/interfaces_pkg/interfaces_pkg/msg/detail/key_point2_d_array__traits.hpp
[0.783s] -- Up-to-date symlink: /home/yejin/ros2_ws/install/interfaces_pkg/include/interfaces_pkg/interfaces_pkg/msg/detail/key_point2_d_array__type_support.hpp
[0.783s] -- Up-to-date symlink: /home/yejin/ros2_ws/install/interfaces_pkg/include/interfaces_pkg/interfaces_pkg/msg/detail/key_point3_d__builder.hpp
[0.783s] -- Up-to-date symlink: /home/yejin/ros2_ws/install/interfaces_pkg/include/interfaces_pkg/interfaces_pkg/msg/detail/key_point3_d__struct.hpp
[0.784s] -- Up-to-date symlink: /home/yejin/ros2_ws/install/interfaces_pkg/include/interfaces_pkg/interfaces_pkg/msg/detail/key_point3_d__traits.hpp
[0.784s] -- Up-to-date symlink: /home/yejin/ros2_ws/install/interfaces_pkg/include/interfaces_pkg/interfaces_pkg/msg/detail/key_point3_d__type_support.hpp
[0.784s] -- Up-to-date symlink: /home/yejin/ros2_ws/install/interfaces_pkg/include/interfaces_pkg/interfaces_pkg/msg/detail/key_point3_d_array__builder.hpp
[0.784s] -- Up-to-date symlink: /home/yejin/ros2_ws/install/interfaces_pkg/include/interfaces_pkg/interfaces_pkg/msg/detail/key_point3_d_array__struct.hpp
[0.784s] -- Up-to-date symlink: /home/yejin/ros2_ws/install/interfaces_pkg/include/interfaces_pkg/interfaces_pkg/msg/detail/key_point3_d_array__traits.hpp
[0.784s] -- Up-to-date symlink: /home/yejin/ros2_ws/install/interfaces_pkg/include/interfaces_pkg/interfaces_pkg/msg/detail/key_point3_d_array__type_support.hpp
[0.784s] -- Up-to-date symlink: /home/yejin/ros2_ws/install/interfaces_pkg/include/interfaces_pkg/interfaces_pkg/msg/detail/lane_info__builder.hpp
[0.784s] -- Up-to-date symlink: /home/yejin/ros2_ws/install/interfaces_pkg/include/interfaces_pkg/interfaces_pkg/msg/detail/lane_info__struct.hpp
[0.784s] -- Up-to-date symlink: /home/yejin/ros2_ws/install/interfaces_pkg/include/interfaces_pkg/interfaces_pkg/msg/detail/lane_info__traits.hpp
[0.784s] -- Up-to-date symlink: /home/yejin/ros2_ws/install/interfaces_pkg/include/interfaces_pkg/interfaces_pkg/msg/detail/lane_info__type_support.hpp
[0.784s] -- Up-to-date symlink: /home/yejin/ros2_ws/install/interfaces_pkg/include/interfaces_pkg/interfaces_pkg/msg/detail/mask__builder.hpp
[0.784s] -- Up-to-date symlink: /home/yejin/ros2_ws/install/interfaces_pkg/include/interfaces_pkg/interfaces_pkg/msg/detail/mask__struct.hpp
[0.784s] -- Up-to-date symlink: /home/yejin/ros2_ws/install/interfaces_pkg/include/interfaces_pkg/interfaces_pkg/msg/detail/mask__traits.hpp
[0.784s] -- Up-to-date symlink: /home/yejin/ros2_ws/install/interfaces_pkg/include/interfaces_pkg/interfaces_pkg/msg/detail/mask__type_support.hpp
[0.784s] -- Up-to-date symlink: /home/yejin/ros2_ws/install/interfaces_pkg/include/interfaces_pkg/interfaces_pkg/msg/detail/motion_command__builder.hpp
[0.784s] -- Up-to-date symlink: /home/yejin/ros2_ws/install/interfaces_pkg/include/interfaces_pkg/interfaces_pkg/msg/detail/motion_command__struct.hpp
[0.784s] -- Up-to-date symlink: /home/yejin/ros2_ws/install/interfaces_pkg/include/interfaces_pkg/interfaces_pkg/msg/detail/motion_command__traits.hpp
[0.784s] -- Up-to-date symlink: /home/yejin/ros2_ws/install/interfaces_pkg/include/interfaces_pkg/interfaces_pkg/msg/detail/motion_command__type_support.hpp
[0.784s] -- Up-to-date symlink: /home/yejin/ros2_ws/install/interfaces_pkg/include/interfaces_pkg/interfaces_pkg/msg/detail/path_planning_result__builder.hpp
[0.785s] -- Up-to-date symlink: /home/yejin/ros2_ws/install/interfaces_pkg/include/interfaces_pkg/interfaces_pkg/msg/detail/path_planning_result__struct.hpp
[0.785s] -- Up-to-date symlink: /home/yejin/ros2_ws/install/interfaces_pkg/include/interfaces_pkg/interfaces_pkg/msg/detail/path_planning_result__traits.hpp
[0.785s] -- Up-to-date symlink: /home/yejin/ros2_ws/install/interfaces_pkg/include/interfaces_pkg/interfaces_pkg/msg/detail/path_planning_result__type_support.hpp
[0.785s] -- Up-to-date symlink: /home/yejin/ros2_ws/install/interfaces_pkg/include/interfaces_pkg/interfaces_pkg/msg/detail/point2_d__builder.hpp
[0.785s] -- Up-to-date symlink: /home/yejin/ros2_ws/install/interfaces_pkg/include/interfaces_pkg/interfaces_pkg/msg/detail/point2_d__struct.hpp
[0.785s] -- Up-to-date symlink: /home/yejin/ros2_ws/install/interfaces_pkg/include/interfaces_pkg/interfaces_pkg/msg/detail/point2_d__traits.hpp
[0.785s] -- Up-to-date symlink: /home/yejin/ros2_ws/install/interfaces_pkg/include/interfaces_pkg/interfaces_pkg/msg/detail/point2_d__type_support.hpp
[0.785s] -- Up-to-date symlink: /home/yejin/ros2_ws/install/interfaces_pkg/include/interfaces_pkg/interfaces_pkg/msg/detail/pose2_d__builder.hpp
[0.785s] -- Up-to-date symlink: /home/yejin/ros2_ws/install/interfaces_pkg/include/interfaces_pkg/interfaces_pkg/msg/detail/pose2_d__struct.hpp
[0.785s] -- Up-to-date symlink: /home/yejin/ros2_ws/install/interfaces_pkg/include/interfaces_pkg/interfaces_pkg/msg/detail/pose2_d__traits.hpp
[0.785s] -- Up-to-date symlink: /home/yejin/ros2_ws/install/interfaces_pkg/include/interfaces_pkg/interfaces_pkg/msg/detail/pose2_d__type_support.hpp
[0.785s] -- Up-to-date symlink: /home/yejin/ros2_ws/install/interfaces_pkg/include/interfaces_pkg/interfaces_pkg/msg/detail/target_point__builder.hpp
[0.785s] -- Up-to-date symlink: /home/yejin/ros2_ws/install/interfaces_pkg/include/interfaces_pkg/interfaces_pkg/msg/detail/target_point__struct.hpp
[0.785s] -- Up-to-date symlink: /home/yejin/ros2_ws/install/interfaces_pkg/include/interfaces_pkg/interfaces_pkg/msg/detail/target_point__traits.hpp
[0.785s] -- Up-to-date symlink: /home/yejin/ros2_ws/install/interfaces_pkg/include/interfaces_pkg/interfaces_pkg/msg/detail/target_point__type_support.hpp
[0.785s] -- Up-to-date symlink: /home/yejin/ros2_ws/install/interfaces_pkg/include/interfaces_pkg/interfaces_pkg/msg/detail/vector2__builder.hpp
[0.785s] -- Up-to-date symlink: /home/yejin/ros2_ws/install/interfaces_pkg/include/interfaces_pkg/interfaces_pkg/msg/detail/vector2__struct.hpp
[0.785s] -- Up-to-date symlink: /home/yejin/ros2_ws/install/interfaces_pkg/include/interfaces_pkg/interfaces_pkg/msg/detail/vector2__traits.hpp
[0.786s] -- Up-to-date symlink: /home/yejin/ros2_ws/install/interfaces_pkg/include/interfaces_pkg/interfaces_pkg/msg/detail/vector2__type_support.hpp
[0.786s] -- Up-to-date symlink: /home/yejin/ros2_ws/install/interfaces_pkg/include/interfaces_pkg/interfaces_pkg/msg/detection.hpp
[0.786s] -- Up-to-date symlink: /home/yejin/ros2_ws/install/interfaces_pkg/include/interfaces_pkg/interfaces_pkg/msg/detection_array.hpp
[0.786s] -- Up-to-date symlink: /home/yejin/ros2_ws/install/interfaces_pkg/include/interfaces_pkg/interfaces_pkg/msg/key_point2_d.hpp
[0.786s] -- Up-to-date symlink: /home/yejin/ros2_ws/install/interfaces_pkg/include/interfaces_pkg/interfaces_pkg/msg/key_point2_d_array.hpp
[0.786s] -- Up-to-date symlink: /home/yejin/ros2_ws/install/interfaces_pkg/include/interfaces_pkg/interfaces_pkg/msg/key_point3_d.hpp
[0.786s] -- Up-to-date symlink: /home/yejin/ros2_ws/install/interfaces_pkg/include/interfaces_pkg/interfaces_pkg/msg/key_point3_d_array.hpp
[0.786s] -- Up-to-date symlink: /home/yejin/ros2_ws/install/interfaces_pkg/include/interfaces_pkg/interfaces_pkg/msg/lane_info.hpp
[0.786s] -- Up-to-date symlink: /home/yejin/ros2_ws/install/interfaces_pkg/include/interfaces_pkg/interfaces_pkg/msg/mask.hpp
[0.786s] -- Up-to-date symlink: /home/yejin/ros2_ws/install/interfaces_pkg/include/interfaces_pkg/interfaces_pkg/msg/motion_command.hpp
[0.786s] -- Up-to-date symlink: /home/yejin/ros2_ws/install/interfaces_pkg/include/interfaces_pkg/interfaces_pkg/msg/path_planning_result.hpp
[0.786s] -- Up-to-date symlink: /home/yejin/ros2_ws/install/interfaces_pkg/include/interfaces_pkg/interfaces_pkg/msg/point2_d.hpp
[0.786s] -- Up-to-date symlink: /home/yejin/ros2_ws/install/interfaces_pkg/include/interfaces_pkg/interfaces_pkg/msg/pose2_d.hpp
[0.786s] -- Up-to-date symlink: /home/yejin/ros2_ws/install/interfaces_pkg/include/interfaces_pkg/interfaces_pkg/msg/rosidl_generator_cpp__visibility_control.hpp
[0.786s] -- Up-to-date symlink: /home/yejin/ros2_ws/install/interfaces_pkg/include/interfaces_pkg/interfaces_pkg/msg/target_point.hpp
[0.786s] -- Up-to-date symlink: /home/yejin/ros2_ws/install/interfaces_pkg/include/interfaces_pkg/interfaces_pkg/msg/vector2.hpp
[0.786s] -- Up-to-date symlink: /home/yejin/ros2_ws/install/interfaces_pkg/include/interfaces_pkg/interfaces_pkg/msg/detail/bounding_box2_d__rosidl_typesupport_fastrtps_cpp.hpp
[0.786s] -- Up-to-date symlink: /home/yejin/ros2_ws/install/interfaces_pkg/include/interfaces_pkg/interfaces_pkg/msg/detail/bounding_box3_d__rosidl_typesupport_fastrtps_cpp.hpp
[0.786s] -- Up-to-date symlink: /home/yejin/ros2_ws/install/interfaces_pkg/include/interfaces_pkg/interfaces_pkg/msg/detail/detection__rosidl_typesupport_fastrtps_cpp.hpp
[0.786s] -- Up-to-date symlink: /home/yejin/ros2_ws/install/interfaces_pkg/include/interfaces_pkg/interfaces_pkg/msg/detail/detection_array__rosidl_typesupport_fastrtps_cpp.hpp
[0.787s] -- Up-to-date symlink: /home/yejin/ros2_ws/install/interfaces_pkg/include/interfaces_pkg/interfaces_pkg/msg/detail/key_point2_d__rosidl_typesupport_fastrtps_cpp.hpp
[0.787s] -- Up-to-date symlink: /home/yejin/ros2_ws/install/interfaces_pkg/include/interfaces_pkg/interfaces_pkg/msg/detail/key_point2_d_array__rosidl_typesupport_fastrtps_cpp.hpp
[0.787s] -- Up-to-date symlink: /home/yejin/ros2_ws/install/interfaces_pkg/include/interfaces_pkg/interfaces_pkg/msg/detail/key_point3_d__rosidl_typesupport_fastrtps_cpp.hpp
[0.787s] -- Up-to-date symlink: /home/yejin/ros2_ws/install/interfaces_pkg/include/interfaces_pkg/interfaces_pkg/msg/detail/key_point3_d_array__rosidl_typesupport_fastrtps_cpp.hpp
[0.787s] -- Up-to-date symlink: /home/yejin/ros2_ws/install/interfaces_pkg/include/interfaces_pkg/interfaces_pkg/msg/detail/lane_info__rosidl_typesupport_fastrtps_cpp.hpp
[0.787s] -- Up-to-date symlink: /home/yejin/ros2_ws/install/interfaces_pkg/include/interfaces_pkg/interfaces_pkg/msg/detail/mask__rosidl_typesupport_fastrtps_cpp.hpp
[0.787s] -- Up-to-date symlink: /home/yejin/ros2_ws/install/interfaces_pkg/include/interfaces_pkg/interfaces_pkg/msg/detail/motion_command__rosidl_typesupport_fastrtps_cpp.hpp
[0.787s] -- Up-to-date symlink: /home/yejin/ros2_ws/install/interfaces_pkg/include/interfaces_pkg/interfaces_pkg/msg/detail/path_planning_result__rosidl_typesupport_fastrtps_cpp.hpp
[0.787s] -- Up-to-date symlink: /home/yejin/ros2_ws/install/interfaces_pkg/include/interfaces_pkg/interfaces_pkg/msg/detail/point2_d__rosidl_typesupport_fastrtps_cpp.hpp
[0.787s] -- Up-to-date symlink: /home/yejin/ros2_ws/install/interfaces_pkg/include/interfaces_pkg/interfaces_pkg/msg/detail/pose2_d__rosidl_typesupport_fastrtps_cpp.hpp
[0.787s] -- Up-to-date symlink: /home/yejin/ros2_ws/install/interfaces_pkg/include/interfaces_pkg/interfaces_pkg/msg/detail/target_point__rosidl_typesupport_fastrtps_cpp.hpp
[0.787s] -- Up-to-date symlink: /home/yejin/ros2_ws/install/interfaces_pkg/include/interfaces_pkg/interfaces_pkg/msg/detail/vector2__rosidl_typesupport_fastrtps_cpp.hpp
[0.787s] -- Up-to-date symlink: /home/yejin/ros2_ws/install/interfaces_pkg/include/interfaces_pkg/interfaces_pkg/msg/rosidl_typesupport_fastrtps_cpp__visibility_control.h
[0.787s] -- Up-to-date symlink: /home/yejin/ros2_ws/install/interfaces_pkg/include/interfaces_pkg/interfaces_pkg/msg/detail/bounding_box2_d__rosidl_typesupport_introspection_cpp.hpp
[0.787s] -- Up-to-date symlink: /home/yejin/ros2_ws/install/interfaces_pkg/include/interfaces_pkg/interfaces_pkg/msg/detail/bounding_box3_d__rosidl_typesupport_introspection_cpp.hpp
[0.787s] -- Up-to-date symlink: /home/yejin/ros2_ws/install/interfaces_pkg/include/interfaces_pkg/interfaces_pkg/msg/detail/detection__rosidl_typesupport_introspection_cpp.hpp
[0.787s] -- Up-to-date symlink: /home/yejin/ros2_ws/install/interfaces_pkg/include/interfaces_pkg/interfaces_pkg/msg/detail/detection_array__rosidl_typesupport_introspection_cpp.hpp
[0.787s] -- Up-to-date symlink: /home/yejin/ros2_ws/install/interfaces_pkg/include/interfaces_pkg/interfaces_pkg/msg/detail/key_point2_d__rosidl_typesupport_introspection_cpp.hpp
[0.787s] -- Up-to-date symlink: /home/yejin/ros2_ws/install/interfaces_pkg/include/interfaces_pkg/interfaces_pkg/msg/detail/key_point2_d_array__rosidl_typesupport_introspection_cpp.hpp
[0.788s] -- Up-to-date symlink: /home/yejin/ros2_ws/install/interfaces_pkg/include/interfaces_pkg/interfaces_pkg/msg/detail/key_point3_d__rosidl_typesupport_introspection_cpp.hpp
[0.788s] -- Up-to-date symlink: /home/yejin/ros2_ws/install/interfaces_pkg/include/interfaces_pkg/interfaces_pkg/msg/detail/key_point3_d_array__rosidl_typesupport_introspection_cpp.hpp
[0.788s] -- Up-to-date symlink: /home/yejin/ros2_ws/install/interfaces_pkg/include/interfaces_pkg/interfaces_pkg/msg/detail/lane_info__rosidl_typesupport_introspection_cpp.hpp
[0.788s] -- Up-to-date symlink: /home/yejin/ros2_ws/install/interfaces_pkg/include/interfaces_pkg/interfaces_pkg/msg/detail/mask__rosidl_typesupport_introspection_cpp.hpp
[0.788s] -- Up-to-date symlink: /home/yejin/ros2_ws/install/interfaces_pkg/include/interfaces_pkg/interfaces_pkg/msg/detail/motion_command__rosidl_typesupport_introspection_cpp.hpp
[0.788s] -- Up-to-date symlink: /home/yejin/ros2_ws/install/interfaces_pkg/include/interfaces_pkg/interfaces_pkg/msg/detail/path_planning_result__rosidl_typesupport_introspection_cpp.hpp
[0.788s] -- Up-to-date symlink: /home/yejin/ros2_ws/install/interfaces_pkg/include/interfaces_pkg/interfaces_pkg/msg/detail/point2_d__rosidl_typesupport_introspection_cpp.hpp
[0.788s] -- Up-to-date symlink: /home/yejin/ros2_ws/install/interfaces_pkg/include/interfaces_pkg/interfaces_pkg/msg/detail/pose2_d__rosidl_typesupport_introspection_cpp.hpp
[0.788s] -- Up-to-date symlink: /home/yejin/ros2_ws/install/interfaces_pkg/include/interfaces_pkg/interfaces_pkg/msg/detail/target_point__rosidl_typesupport_introspection_cpp.hpp
[0.788s] -- Up-to-date symlink: /home/yejin/ros2_ws/install/interfaces_pkg/include/interfaces_pkg/interfaces_pkg/msg/detail/vector2__rosidl_typesupport_introspection_cpp.hpp
[0.788s] -- Up-to-date symlink: /home/yejin/ros2_ws/install/interfaces_pkg/share/interfaces_pkg/environment/pythonpath.sh
[0.788s] -- Up-to-date symlink: /home/yejin/ros2_ws/install/interfaces_pkg/share/interfaces_pkg/environment/pythonpath.dsv
[0.788s] -- Up-to-date symlink: /home/yejin/ros2_ws/install/interfaces_pkg/local/lib/python3.10/dist-packages/interfaces_pkg-0.0.0-py3.10.egg-info/PKG-INFO
[0.788s] -- Up-to-date symlink: /home/yejin/ros2_ws/install/interfaces_pkg/local/lib/python3.10/dist-packages/interfaces_pkg-0.0.0-py3.10.egg-info/SOURCES.txt
[0.788s] -- Up-to-date symlink: /home/yejin/ros2_ws/install/interfaces_pkg/local/lib/python3.10/dist-packages/interfaces_pkg-0.0.0-py3.10.egg-info/dependency_links.txt
[0.788s] -- Up-to-date symlink: /home/yejin/ros2_ws/install/interfaces_pkg/local/lib/python3.10/dist-packages/interfaces_pkg-0.0.0-py3.10.egg-info/top_level.txt
[0.789s] -- Up-to-date symlink: /home/yejin/ros2_ws/install/interfaces_pkg/local/lib/python3.10/dist-packages/interfaces_pkg/__init__.py
[0.789s] -- Up-to-date symlink: /home/yejin/ros2_ws/install/interfaces_pkg/local/lib/python3.10/dist-packages/interfaces_pkg/_interfaces_pkg_s.ep.rosidl_typesupport_c.c
[0.789s] -- Up-to-date symlink: /home/yejin/ros2_ws/install/interfaces_pkg/local/lib/python3.10/dist-packages/interfaces_pkg/_interfaces_pkg_s.ep.rosidl_typesupport_fastrtps_c.c
[0.789s] -- Up-to-date symlink: /home/yejin/ros2_ws/install/interfaces_pkg/local/lib/python3.10/dist-packages/interfaces_pkg/_interfaces_pkg_s.ep.rosidl_typesupport_introspection_c.c
[0.789s] -- Up-to-date symlink: /home/yejin/ros2_ws/install/interfaces_pkg/local/lib/python3.10/dist-packages/interfaces_pkg/interfaces_pkg_s__rosidl_typesupport_c.cpython-310-x86_64-linux-gnu.so
[0.789s] -- Up-to-date symlink: /home/yejin/ros2_ws/install/interfaces_pkg/local/lib/python3.10/dist-packages/interfaces_pkg/interfaces_pkg_s__rosidl_typesupport_fastrtps_c.cpython-310-x86_64-linux-gnu.so
[0.789s] -- Up-to-date symlink: /home/yejin/ros2_ws/install/interfaces_pkg/local/lib/python3.10/dist-packages/interfaces_pkg/interfaces_pkg_s__rosidl_typesupport_introspection_c.cpython-310-x86_64-linux-gnu.so
[0.789s] -- Up-to-date symlink: /home/yejin/ros2_ws/install/interfaces_pkg/local/lib/python3.10/dist-packages/interfaces_pkg/libinterfaces_pkg__rosidl_generator_py.so
[0.789s] -- Up-to-date symlink: /home/yejin/ros2_ws/install/interfaces_pkg/local/lib/python3.10/dist-packages/interfaces_pkg/msg/__init__.py
[0.789s] -- Up-to-date symlink: /home/yejin/ros2_ws/install/interfaces_pkg/local/lib/python3.10/dist-packages/interfaces_pkg/msg/_bounding_box2_d.py
[0.789s] -- Up-to-date symlink: /home/yejin/ros2_ws/install/interfaces_pkg/local/lib/python3.10/dist-packages/interfaces_pkg/msg/_bounding_box2_d_s.c
[0.789s] -- Up-to-date symlink: /home/yejin/ros2_ws/install/interfaces_pkg/local/lib/python3.10/dist-packages/interfaces_pkg/msg/_bounding_box3_d.py
[0.789s] -- Up-to-date symlink: /home/yejin/ros2_ws/install/interfaces_pkg/local/lib/python3.10/dist-packages/interfaces_pkg/msg/_bounding_box3_d_s.c
[0.789s] -- Up-to-date symlink: /home/yejin/ros2_ws/install/interfaces_pkg/local/lib/python3.10/dist-packages/interfaces_pkg/msg/_detection.py
[0.789s] -- Up-to-date symlink: /home/yejin/ros2_ws/install/interfaces_pkg/local/lib/python3.10/dist-packages/interfaces_pkg/msg/_detection_array.py
[0.789s] -- Up-to-date symlink: /home/yejin/ros2_ws/install/interfaces_pkg/local/lib/python3.10/dist-packages/interfaces_pkg/msg/_detection_array_s.c
[0.790s] -- Up-to-date symlink: /home/yejin/ros2_ws/install/interfaces_pkg/local/lib/python3.10/dist-packages/interfaces_pkg/msg/_detection_s.c
[0.790s] -- Up-to-date symlink: /home/yejin/ros2_ws/install/interfaces_pkg/local/lib/python3.10/dist-packages/interfaces_pkg/msg/_key_point2_d.py
[0.790s] -- Up-to-date symlink: /home/yejin/ros2_ws/install/interfaces_pkg/local/lib/python3.10/dist-packages/interfaces_pkg/msg/_key_point2_d_array.py
[0.790s] -- Up-to-date symlink: /home/yejin/ros2_ws/install/interfaces_pkg/local/lib/python3.10/dist-packages/interfaces_pkg/msg/_key_point2_d_array_s.c
[0.790s] -- Up-to-date symlink: /home/yejin/ros2_ws/install/interfaces_pkg/local/lib/python3.10/dist-packages/interfaces_pkg/msg/_key_point2_d_s.c
[0.790s] -- Up-to-date symlink: /home/yejin/ros2_ws/install/interfaces_pkg/local/lib/python3.10/dist-packages/interfaces_pkg/msg/_key_point3_d.py
[0.790s] -- Up-to-date symlink: /home/yejin/ros2_ws/install/interfaces_pkg/local/lib/python3.10/dist-packages/interfaces_pkg/msg/_key_point3_d_array.py
[0.790s] -- Up-to-date symlink: /home/yejin/ros2_ws/install/interfaces_pkg/local/lib/python3.10/dist-packages/interfaces_pkg/msg/_key_point3_d_array_s.c
[0.790s] -- Up-to-date symlink: /home/yejin/ros2_ws/install/interfaces_pkg/local/lib/python3.10/dist-packages/interfaces_pkg/msg/_key_point3_d_s.c
[0.790s] -- Up-to-date symlink: /home/yejin/ros2_ws/install/interfaces_pkg/local/lib/python3.10/dist-packages/interfaces_pkg/msg/_lane_info.py
[0.790s] -- Up-to-date symlink: /home/yejin/ros2_ws/install/interfaces_pkg/local/lib/python3.10/dist-packages/interfaces_pkg/msg/_lane_info_s.c
[0.790s] -- Up-to-date symlink: /home/yejin/ros2_ws/install/interfaces_pkg/local/lib/python3.10/dist-packages/interfaces_pkg/msg/_mask.py
[0.790s] -- Up-to-date symlink: /home/yejin/ros2_ws/install/interfaces_pkg/local/lib/python3.10/dist-packages/interfaces_pkg/msg/_mask_s.c
[0.790s] -- Up-to-date symlink: /home/yejin/ros2_ws/install/interfaces_pkg/local/lib/python3.10/dist-packages/interfaces_pkg/msg/_motion_command.py
[0.790s] -- Up-to-date symlink: /home/yejin/ros2_ws/install/interfaces_pkg/local/lib/python3.10/dist-packages/interfaces_pkg/msg/_motion_command_s.c
[0.791s] -- Up-to-date symlink: /home/yejin/ros2_ws/install/interfaces_pkg/local/lib/python3.10/dist-packages/interfaces_pkg/msg/_path_planning_result.py
[0.791s] -- Up-to-date symlink: /home/yejin/ros2_ws/install/interfaces_pkg/local/lib/python3.10/dist-packages/interfaces_pkg/msg/_path_planning_result_s.c
[0.791s] -- Up-to-date symlink: /home/yejin/ros2_ws/install/interfaces_pkg/local/lib/python3.10/dist-packages/interfaces_pkg/msg/_point2_d.py
[0.791s] -- Up-to-date symlink: /home/yejin/ros2_ws/install/interfaces_pkg/local/lib/python3.10/dist-packages/interfaces_pkg/msg/_point2_d_s.c
[0.791s] -- Up-to-date symlink: /home/yejin/ros2_ws/install/interfaces_pkg/local/lib/python3.10/dist-packages/interfaces_pkg/msg/_pose2_d.py
[0.791s] -- Up-to-date symlink: /home/yejin/ros2_ws/install/interfaces_pkg/local/lib/python3.10/dist-packages/interfaces_pkg/msg/_pose2_d_s.c
[0.791s] -- Up-to-date symlink: /home/yejin/ros2_ws/install/interfaces_pkg/local/lib/python3.10/dist-packages/interfaces_pkg/msg/_target_point.py
[0.791s] -- Up-to-date symlink: /home/yejin/ros2_ws/install/interfaces_pkg/local/lib/python3.10/dist-packages/interfaces_pkg/msg/_target_point_s.c
[0.791s] -- Up-to-date symlink: /home/yejin/ros2_ws/install/interfaces_pkg/local/lib/python3.10/dist-packages/interfaces_pkg/msg/_vector2.py
[0.791s] -- Up-to-date symlink: /home/yejin/ros2_ws/install/interfaces_pkg/local/lib/python3.10/dist-packages/interfaces_pkg/msg/_vector2_s.c
[0.791s] -- Up-to-date symlink: /home/yejin/ros2_ws/install/interfaces_pkg/local/lib/python3.10/dist-packages/interfaces_pkg/interfaces_pkg_s__rosidl_typesupport_fastrtps_c.cpython-310-x86_64-linux-gnu.so
[0.791s] -- Up-to-date symlink: /home/yejin/ros2_ws/install/interfaces_pkg/local/lib/python3.10/dist-packages/interfaces_pkg/interfaces_pkg_s__rosidl_typesupport_introspection_c.cpython-310-x86_64-linux-gnu.so
[0.791s] -- Up-to-date symlink: /home/yejin/ros2_ws/install/interfaces_pkg/local/lib/python3.10/dist-packages/interfaces_pkg/interfaces_pkg_s__rosidl_typesupport_c.cpython-310-x86_64-linux-gnu.so
[0.791s] -- Up-to-date symlink: /home/yejin/ros2_ws/install/interfaces_pkg/share/interfaces_pkg/msg/Point2D.idl
[0.791s] -- Up-to-date symlink: /home/yejin/ros2_ws/install/interfaces_pkg/share/interfaces_pkg/msg/Vector2.idl
[0.791s] -- Up-to-date symlink: /home/yejin/ros2_ws/install/interfaces_pkg/share/interfaces_pkg/msg/Pose2D.idl
[0.791s] -- Up-to-date symlink: /home/yejin/ros2_ws/install/interfaces_pkg/share/interfaces_pkg/msg/BoundingBox2D.idl
[0.791s] -- Up-to-date symlink: /home/yejin/ros2_ws/install/interfaces_pkg/share/interfaces_pkg/msg/BoundingBox3D.idl
[0.791s] -- Up-to-date symlink: /home/yejin/ros2_ws/install/interfaces_pkg/share/interfaces_pkg/msg/Mask.idl
[0.792s] -- Up-to-date symlink: /home/yejin/ros2_ws/install/interfaces_pkg/share/interfaces_pkg/msg/KeyPoint2D.idl
[0.792s] -- Up-to-date symlink: /home/yejin/ros2_ws/install/interfaces_pkg/share/interfaces_pkg/msg/KeyPoint2DArray.idl
[0.792s] -- Up-to-date symlink: /home/yejin/ros2_ws/install/interfaces_pkg/share/interfaces_pkg/msg/KeyPoint3D.idl
[0.792s] -- Up-to-date symlink: /home/yejin/ros2_ws/install/interfaces_pkg/share/interfaces_pkg/msg/KeyPoint3DArray.idl
[0.792s] -- Up-to-date symlink: /home/yejin/ros2_ws/install/interfaces_pkg/share/interfaces_pkg/msg/Detection.idl
[0.792s] -- Up-to-date symlink: /home/yejin/ros2_ws/install/interfaces_pkg/share/interfaces_pkg/msg/DetectionArray.idl
[0.792s] -- Up-to-date symlink: /home/yejin/ros2_ws/install/interfaces_pkg/share/interfaces_pkg/msg/LaneInfo.idl
[0.792s] -- Up-to-date symlink: /home/yejin/ros2_ws/install/interfaces_pkg/share/interfaces_pkg/msg/MotionCommand.idl
[0.792s] -- Up-to-date symlink: /home/yejin/ros2_ws/install/interfaces_pkg/share/interfaces_pkg/msg/TargetPoint.idl
[0.792s] -- Up-to-date symlink: /home/yejin/ros2_ws/install/interfaces_pkg/share/interfaces_pkg/msg/PathPlanningResult.idl
[0.792s] -- Up-to-date symlink: /home/yejin/ros2_ws/install/interfaces_pkg/share/interfaces_pkg/msg/Point2D.msg
[0.792s] -- Up-to-date symlink: /home/yejin/ros2_ws/install/interfaces_pkg/share/interfaces_pkg/msg/Vector2.msg
[0.792s] -- Up-to-date symlink: /home/yejin/ros2_ws/install/interfaces_pkg/share/interfaces_pkg/msg/Pose2D.msg
[0.792s] -- Up-to-date symlink: /home/yejin/ros2_ws/install/interfaces_pkg/share/interfaces_pkg/msg/BoundingBox2D.msg
[0.792s] -- Up-to-date symlink: /home/yejin/ros2_ws/install/interfaces_pkg/share/interfaces_pkg/msg/BoundingBox3D.msg
[0.792s] -- Up-to-date symlink: /home/yejin/ros2_ws/install/interfaces_pkg/share/interfaces_pkg/msg/Mask.msg
[0.792s] -- Up-to-date symlink: /home/yejin/ros2_ws/install/interfaces_pkg/share/interfaces_pkg/msg/KeyPoint2D.msg
[0.793s] -- Up-to-date symlink: /home/yejin/ros2_ws/install/interfaces_pkg/share/interfaces_pkg/msg/KeyPoint2DArray.msg
[0.793s] -- Up-to-date symlink: /home/yejin/ros2_ws/install/interfaces_pkg/share/interfaces_pkg/msg/KeyPoint3D.msg
[0.793s] -- Up-to-date symlink: /home/yejin/ros2_ws/install/interfaces_pkg/share/interfaces_pkg/msg/KeyPoint3DArray.msg
[0.793s] -- Up-to-date symlink: /home/yejin/ros2_ws/install/interfaces_pkg/share/interfaces_pkg/msg/Detection.msg
[0.793s] -- Up-to-date symlink: /home/yejin/ros2_ws/install/interfaces_pkg/share/interfaces_pkg/msg/DetectionArray.msg
[0.793s] -- Up-to-date symlink: /home/yejin/ros2_ws/install/interfaces_pkg/share/interfaces_pkg/msg/LaneInfo.msg
[0.793s] -- Up-to-date symlink: /home/yejin/ros2_ws/install/interfaces_pkg/share/interfaces_pkg/msg/MotionCommand.msg
[0.793s] -- Up-to-date symlink: /home/yejin/ros2_ws/install/interfaces_pkg/share/interfaces_pkg/msg/TargetPoint.msg
[0.793s] -- Up-to-date symlink: /home/yejin/ros2_ws/install/interfaces_pkg/share/interfaces_pkg/msg/PathPlanningResult.msg
[0.793s] -- Up-to-date symlink: /home/yejin/ros2_ws/install/interfaces_pkg/share/ament_index/resource_index/package_run_dependencies/interfaces_pkg
[0.793s] -- Up-to-date symlink: /home/yejin/ros2_ws/install/interfaces_pkg/share/ament_index/resource_index/parent_prefix_path/interfaces_pkg
[0.793s] -- Up-to-date symlink: /home/yejin/ros2_ws/install/interfaces_pkg/share/interfaces_pkg/environment/ament_prefix_path.sh
[0.793s] -- Up-to-date symlink: /home/yejin/ros2_ws/install/interfaces_pkg/share/interfaces_pkg/environment/ament_prefix_path.dsv
[0.793s] -- Up-to-date symlink: /home/yejin/ros2_ws/install/interfaces_pkg/share/interfaces_pkg/environment/path.sh
[0.793s] -- Up-to-date symlink: /home/yejin/ros2_ws/install/interfaces_pkg/share/interfaces_pkg/environment/path.dsv
[0.793s] -- Up-to-date symlink: /home/yejin/ros2_ws/install/interfaces_pkg/share/interfaces_pkg/local_setup.bash
[0.793s] -- Up-to-date symlink: /home/yejin/ros2_ws/install/interfaces_pkg/share/interfaces_pkg/local_setup.sh
[0.794s] -- Up-to-date symlink: /home/yejin/ros2_ws/install/interfaces_pkg/share/interfaces_pkg/local_setup.zsh
[0.794s] -- Up-to-date symlink: /home/yejin/ros2_ws/install/interfaces_pkg/share/interfaces_pkg/local_setup.dsv
[0.794s] -- Symlinking: /home/yejin/ros2_ws/install/interfaces_pkg/share/interfaces_pkg/package.dsv
[0.800s] -- Up-to-date symlink: /home/yejin/ros2_ws/install/interfaces_pkg/share/ament_index/resource_index/packages/interfaces_pkg
[0.800s] -- Up-to-date symlink: /home/yejin/ros2_ws/install/interfaces_pkg/share/interfaces_pkg/cmake/rosidl_cmake-extras.cmake
[0.800s] -- Up-to-date symlink: /home/yejin/ros2_ws/install/interfaces_pkg/share/interfaces_pkg/cmake/ament_cmake_export_dependencies-extras.cmake
[0.800s] -- Up-to-date symlink: /home/yejin/ros2_ws/install/interfaces_pkg/share/interfaces_pkg/cmake/ament_cmake_export_include_directories-extras.cmake
[0.800s] -- Up-to-date symlink: /home/yejin/ros2_ws/install/interfaces_pkg/share/interfaces_pkg/cmake/ament_cmake_export_libraries-extras.cmake
[0.800s] -- Up-to-date symlink: /home/yejin/ros2_ws/install/interfaces_pkg/share/interfaces_pkg/cmake/ament_cmake_export_targets-extras.cmake
[0.800s] -- Up-to-date symlink: /home/yejin/ros2_ws/install/interfaces_pkg/share/interfaces_pkg/cmake/rosidl_cmake_export_typesupport_targets-extras.cmake
[0.801s] -- Up-to-date symlink: /home/yejin/ros2_ws/install/interfaces_pkg/share/interfaces_pkg/cmake/rosidl_cmake_export_typesupport_libraries-extras.cmake
[0.801s] -- Up-to-date symlink: /home/yejin/ros2_ws/install/interfaces_pkg/share/interfaces_pkg/cmake/interfaces_pkgConfig.cmake
[0.801s] -- Up-to-date symlink: /home/yejin/ros2_ws/install/interfaces_pkg/share/interfaces_pkg/cmake/interfaces_pkgConfig-version.cmake
[0.801s] -- Up-to-date symlink: /home/yejin/ros2_ws/install/interfaces_pkg/share/interfaces_pkg/package.xml
[0.801s] -- Up-to-date: /home/yejin/ros2_ws/install/interfaces_pkg/lib/libinterfaces_pkg__rosidl_generator_c.so
[0.802s] -- Up-to-date: /home/yejin/ros2_ws/install/interfaces_pkg/lib/libinterfaces_pkg__rosidl_typesupport_fastrtps_c.so
[0.802s] -- Up-to-date: /home/yejin/ros2_ws/install/interfaces_pkg/lib/libinterfaces_pkg__rosidl_typesupport_introspection_c.so
[0.802s] -- Up-to-date: /home/yejin/ros2_ws/install/interfaces_pkg/lib/libinterfaces_pkg__rosidl_typesupport_c.so
[0.802s] -- Up-to-date: /home/yejin/ros2_ws/install/interfaces_pkg/lib/libinterfaces_pkg__rosidl_typesupport_fastrtps_cpp.so
[0.803s] -- Up-to-date: /home/yejin/ros2_ws/install/interfaces_pkg/lib/libinterfaces_pkg__rosidl_typesupport_introspection_cpp.so
[0.803s] -- Up-to-date: /home/yejin/ros2_ws/install/interfaces_pkg/lib/libinterfaces_pkg__rosidl_typesupport_cpp.so
[0.828s] Listing '/home/yejin/ros2_ws/install/interfaces_pkg/local/lib/python3.10/dist-packages/interfaces_pkg'...
[0.828s] Listing '/home/yejin/ros2_ws/install/interfaces_pkg/local/lib/python3.10/dist-packages/interfaces_pkg/msg'...
[0.831s] -- Up-to-date: /home/yejin/ros2_ws/install/interfaces_pkg/lib/libinterfaces_pkg__rosidl_generator_py.so
[0.831s] -- Up-to-date: /home/yejin/ros2_ws/install/interfaces_pkg/share/interfaces_pkg/cmake/export_interfaces_pkg__rosidl_generator_cExport.cmake
[0.831s] -- Up-to-date: /home/yejin/ros2_ws/install/interfaces_pkg/share/interfaces_pkg/cmake/export_interfaces_pkg__rosidl_generator_cExport-noconfig.cmake
[0.832s] -- Up-to-date: /home/yejin/ros2_ws/install/interfaces_pkg/share/interfaces_pkg/cmake/export_interfaces_pkg__rosidl_typesupport_fastrtps_cExport.cmake
[0.832s] -- Up-to-date: /home/yejin/ros2_ws/install/interfaces_pkg/share/interfaces_pkg/cmake/export_interfaces_pkg__rosidl_typesupport_fastrtps_cExport-noconfig.cmake
[0.832s] -- Up-to-date: /home/yejin/ros2_ws/install/interfaces_pkg/share/interfaces_pkg/cmake/interfaces_pkg__rosidl_typesupport_introspection_cExport.cmake
[0.832s] -- Up-to-date: /home/yejin/ros2_ws/install/interfaces_pkg/share/interfaces_pkg/cmake/interfaces_pkg__rosidl_typesupport_introspection_cExport-noconfig.cmake
[0.832s] -- Up-to-date: /home/yejin/ros2_ws/install/interfaces_pkg/share/interfaces_pkg/cmake/interfaces_pkg__rosidl_typesupport_cExport.cmake
[0.832s] -- Up-to-date: /home/yejin/ros2_ws/install/interfaces_pkg/share/interfaces_pkg/cmake/interfaces_pkg__rosidl_typesupport_cExport-noconfig.cmake
[0.832s] -- Up-to-date: /home/yejin/ros2_ws/install/interfaces_pkg/share/interfaces_pkg/cmake/export_interfaces_pkg__rosidl_generator_cppExport.cmake
[0.832s] -- Up-to-date: /home/yejin/ros2_ws/install/interfaces_pkg/share/interfaces_pkg/cmake/export_interfaces_pkg__rosidl_typesupport_fastrtps_cppExport.cmake
[0.832s] -- Up-to-date: /home/yejin/ros2_ws/install/interfaces_pkg/share/interfaces_pkg/cmake/export_interfaces_pkg__rosidl_typesupport_fastrtps_cppExport-noconfig.cmake
[0.833s] -- Up-to-date: /home/yejin/ros2_ws/install/interfaces_pkg/share/interfaces_pkg/cmake/interfaces_pkg__rosidl_typesupport_introspection_cppExport.cmake
[0.833s] -- Up-to-date: /home/yejin/ros2_ws/install/interfaces_pkg/share/interfaces_pkg/cmake/interfaces_pkg__rosidl_typesupport_introspection_cppExport-noconfig.cmake
[0.833s] -- Up-to-date: /home/yejin/ros2_ws/install/interfaces_pkg/share/interfaces_pkg/cmake/interfaces_pkg__rosidl_typesupport_cppExport.cmake
[0.833s] -- Up-to-date: /home/yejin/ros2_ws/install/interfaces_pkg/share/interfaces_pkg/cmake/interfaces_pkg__rosidl_typesupport_cppExport-noconfig.cmake
[0.833s] -- Up-to-date: /home/yejin/ros2_ws/install/interfaces_pkg/share/interfaces_pkg/cmake/export_interfaces_pkg__rosidl_generator_pyExport.cmake
[0.833s] -- Up-to-date: /home/yejin/ros2_ws/install/interfaces_pkg/share/interfaces_pkg/cmake/export_interfaces_pkg__rosidl_generator_pyExport-noconfig.cmake
[0.835s] Invoked command in '/home/yejin/ros2_ws/build/interfaces_pkg' returned '0': CMAKE_PREFIX_PATH=${CMAKE_PREFIX_PATH}:/home/yejin/ros2_ws/install/camera_perception_pkg:/opt/ros/humble /usr/bin/cmake --install /home/yejin/ros2_ws/build/interfaces_pkg
