[0.057s] DEBUG:colcon:Command line arguments: ['/usr/bin/colcon', 'build', '--symlink-install']
[0.058s] DEBUG:colcon:Parsed command line arguments: Namespace(log_base=None, log_level=None, verb_name='build', build_base='build', install_base='install', merge_install=False, symlink_install=True, test_result_base=None, continue_on_error=False, executor='parallel', parallel_workers=22, event_handlers=None, ignore_user_meta=False, metas=['./colcon.meta'], base_paths=['.'], packages_ignore=None, packages_ignore_regex=None, paths=None, packages_up_to=None, packages_up_to_regex=None, packages_above=None, packages_above_and_dependencies=None, packages_above_depth=None, packages_select_by_dep=None, packages_skip_by_dep=None, packages_skip_up_to=None, packages_select_build_failed=False, packages_skip_build_finished=False, packages_select_test_failures=False, packages_skip_test_passed=False, packages_select=None, packages_skip=None, packages_select_regex=None, packages_skip_regex=None, packages_start=None, packages_end=None, allow_overriding=[], cmake_args=None, cmake_target=None, cmake_target_skip_unavailable=False, cmake_clean_cache=False, cmake_clean_first=False, cmake_force_configure=False, ament_cmake_args=None, catkin_cmake_args=None, catkin_skip_building_tests=False, mixin_files=None, mixin=None, verb_parser=<colcon_mixin.mixin.mixin_argument.MixinArgumentDecorator object at 0x747a47ec3a00>, verb_extension=<colcon_core.verb.build.BuildVerb object at 0x747a47ec3190>, main=<bound method BuildVerb.main of <colcon_core.verb.build.BuildVerb object at 0x747a47ec3190>>, mixin_verb=('build',))
[0.151s] Level 1:colcon.colcon_core.package_discovery:discover_packages(colcon_meta) check parameters
[0.151s] Level 1:colcon.colcon_core.package_discovery:discover_packages(recursive) check parameters
[0.151s] Level 1:colcon.colcon_core.package_discovery:discover_packages(ignore) check parameters
[0.151s] Level 1:colcon.colcon_core.package_discovery:discover_packages(path) check parameters
[0.151s] Level 1:colcon.colcon_core.package_discovery:discover_packages(colcon_meta) discover
[0.151s] Level 1:colcon.colcon_core.package_discovery:discover_packages(recursive) discover
[0.151s] INFO:colcon.colcon_core.package_discovery:Crawling recursively for packages in '/home/yejin/ros2_ws'
[0.151s] Level 1:colcon.colcon_core.package_identification:_identify(.) by extensions ['ignore', 'ignore_ament_install']
[0.151s] Level 1:colcon.colcon_core.package_identification:_identify(.) by extension 'ignore'
[0.151s] Level 1:colcon.colcon_core.package_identification:_identify(.) by extension 'ignore_ament_install'
[0.152s] Level 1:colcon.colcon_core.package_identification:_identify(.) by extensions ['colcon_pkg']
[0.152s] Level 1:colcon.colcon_core.package_identification:_identify(.) by extension 'colcon_pkg'
[0.152s] Level 1:colcon.colcon_core.package_identification:_identify(.) by extensions ['colcon_meta']
[0.152s] Level 1:colcon.colcon_core.package_identification:_identify(.) by extension 'colcon_meta'
[0.152s] Level 1:colcon.colcon_core.package_identification:_identify(.) by extensions ['ros']
[0.152s] Level 1:colcon.colcon_core.package_identification:_identify(.) by extension 'ros'
[0.162s] Level 1:colcon.colcon_core.package_identification:_identify(.) by extensions ['cmake', 'python']
[0.162s] Level 1:colcon.colcon_core.package_identification:_identify(.) by extension 'cmake'
[0.162s] Level 1:colcon.colcon_core.package_identification:_identify(.) by extension 'python'
[0.162s] Level 1:colcon.colcon_core.package_identification:_identify(.) by extensions ['python_setup_py']
[0.162s] Level 1:colcon.colcon_core.package_identification:_identify(.) by extension 'python_setup_py'
[0.162s] Level 1:colcon.colcon_core.package_identification:_identify(build) by extensions ['ignore', 'ignore_ament_install']
[0.162s] Level 1:colcon.colcon_core.package_identification:_identify(build) by extension 'ignore'
[0.162s] Level 1:colcon.colcon_core.package_identification:_identify(build) ignored
[0.162s] Level 1:colcon.colcon_core.package_identification:_identify(install) by extensions ['ignore', 'ignore_ament_install']
[0.162s] Level 1:colcon.colcon_core.package_identification:_identify(install) by extension 'ignore'
[0.162s] Level 1:colcon.colcon_core.package_identification:_identify(install) ignored
[0.162s] Level 1:colcon.colcon_core.package_identification:_identify(log) by extensions ['ignore', 'ignore_ament_install']
[0.162s] Level 1:colcon.colcon_core.package_identification:_identify(log) by extension 'ignore'
[0.162s] Level 1:colcon.colcon_core.package_identification:_identify(log) ignored
[0.162s] Level 1:colcon.colcon_core.package_identification:_identify(src) by extensions ['ignore', 'ignore_ament_install']
[0.163s] Level 1:colcon.colcon_core.package_identification:_identify(src) by extension 'ignore'
[0.163s] Level 1:colcon.colcon_core.package_identification:_identify(src) by extension 'ignore_ament_install'
[0.163s] Level 1:colcon.colcon_core.package_identification:_identify(src) by extensions ['colcon_pkg']
[0.163s] Level 1:colcon.colcon_core.package_identification:_identify(src) by extension 'colcon_pkg'
[0.163s] Level 1:colcon.colcon_core.package_identification:_identify(src) by extensions ['colcon_meta']
[0.163s] Level 1:colcon.colcon_core.package_identification:_identify(src) by extension 'colcon_meta'
[0.163s] Level 1:colcon.colcon_core.package_identification:_identify(src) by extensions ['ros']
[0.163s] Level 1:colcon.colcon_core.package_identification:_identify(src) by extension 'ros'
[0.163s] Level 1:colcon.colcon_core.package_identification:_identify(src) by extensions ['cmake', 'python']
[0.163s] Level 1:colcon.colcon_core.package_identification:_identify(src) by extension 'cmake'
[0.163s] Level 1:colcon.colcon_core.package_identification:_identify(src) by extension 'python'
[0.163s] Level 1:colcon.colcon_core.package_identification:_identify(src) by extensions ['python_setup_py']
[0.163s] Level 1:colcon.colcon_core.package_identification:_identify(src) by extension 'python_setup_py'
[0.163s] Level 1:colcon.colcon_core.package_identification:_identify(src/camera_perception_pkg) by extensions ['ignore', 'ignore_ament_install']
[0.163s] Level 1:colcon.colcon_core.package_identification:_identify(src/camera_perception_pkg) by extension 'ignore'
[0.163s] Level 1:colcon.colcon_core.package_identification:_identify(src/camera_perception_pkg) by extension 'ignore_ament_install'
[0.163s] Level 1:colcon.colcon_core.package_identification:_identify(src/camera_perception_pkg) by extensions ['colcon_pkg']
[0.163s] Level 1:colcon.colcon_core.package_identification:_identify(src/camera_perception_pkg) by extension 'colcon_pkg'
[0.163s] Level 1:colcon.colcon_core.package_identification:_identify(src/camera_perception_pkg) by extensions ['colcon_meta']
[0.163s] Level 1:colcon.colcon_core.package_identification:_identify(src/camera_perception_pkg) by extension 'colcon_meta'
[0.163s] Level 1:colcon.colcon_core.package_identification:_identify(src/camera_perception_pkg) by extensions ['ros']
[0.163s] Level 1:colcon.colcon_core.package_identification:_identify(src/camera_perception_pkg) by extension 'ros'
[0.164s] DEBUG:colcon.colcon_core.package_identification:Package 'src/camera_perception_pkg' with type 'ros.ament_python' and name 'camera_perception_pkg'
[0.165s] Level 1:colcon.colcon_core.package_identification:_identify(src/control) by extensions ['ignore', 'ignore_ament_install']
[0.165s] Level 1:colcon.colcon_core.package_identification:_identify(src/control) by extension 'ignore'
[0.165s] Level 1:colcon.colcon_core.package_identification:_identify(src/control) by extension 'ignore_ament_install'
[0.165s] Level 1:colcon.colcon_core.package_identification:_identify(src/control) by extensions ['colcon_pkg']
[0.165s] Level 1:colcon.colcon_core.package_identification:_identify(src/control) by extension 'colcon_pkg'
[0.165s] Level 1:colcon.colcon_core.package_identification:_identify(src/control) by extensions ['colcon_meta']
[0.165s] Level 1:colcon.colcon_core.package_identification:_identify(src/control) by extension 'colcon_meta'
[0.165s] Level 1:colcon.colcon_core.package_identification:_identify(src/control) by extensions ['ros']
[0.165s] Level 1:colcon.colcon_core.package_identification:_identify(src/control) by extension 'ros'
[0.165s] Level 1:colcon.colcon_core.package_identification:_identify(src/control) by extensions ['cmake', 'python']
[0.165s] Level 1:colcon.colcon_core.package_identification:_identify(src/control) by extension 'cmake'
[0.165s] Level 1:colcon.colcon_core.package_identification:_identify(src/control) by extension 'python'
[0.165s] Level 1:colcon.colcon_core.package_identification:_identify(src/control) by extensions ['python_setup_py']
[0.165s] Level 1:colcon.colcon_core.package_identification:_identify(src/control) by extension 'python_setup_py'
[0.165s] Level 1:colcon.colcon_core.package_identification:_identify(src/control/check_variable_resistor) by extensions ['ignore', 'ignore_ament_install']
[0.165s] Level 1:colcon.colcon_core.package_identification:_identify(src/control/check_variable_resistor) by extension 'ignore'
[0.165s] Level 1:colcon.colcon_core.package_identification:_identify(src/control/check_variable_resistor) by extension 'ignore_ament_install'
[0.165s] Level 1:colcon.colcon_core.package_identification:_identify(src/control/check_variable_resistor) by extensions ['colcon_pkg']
[0.165s] Level 1:colcon.colcon_core.package_identification:_identify(src/control/check_variable_resistor) by extension 'colcon_pkg'
[0.165s] Level 1:colcon.colcon_core.package_identification:_identify(src/control/check_variable_resistor) by extensions ['colcon_meta']
[0.165s] Level 1:colcon.colcon_core.package_identification:_identify(src/control/check_variable_resistor) by extension 'colcon_meta'
[0.165s] Level 1:colcon.colcon_core.package_identification:_identify(src/control/check_variable_resistor) by extensions ['ros']
[0.165s] Level 1:colcon.colcon_core.package_identification:_identify(src/control/check_variable_resistor) by extension 'ros'
[0.165s] Level 1:colcon.colcon_core.package_identification:_identify(src/control/check_variable_resistor) by extensions ['cmake', 'python']
[0.165s] Level 1:colcon.colcon_core.package_identification:_identify(src/control/check_variable_resistor) by extension 'cmake'
[0.165s] Level 1:colcon.colcon_core.package_identification:_identify(src/control/check_variable_resistor) by extension 'python'
[0.165s] Level 1:colcon.colcon_core.package_identification:_identify(src/control/check_variable_resistor) by extensions ['python_setup_py']
[0.165s] Level 1:colcon.colcon_core.package_identification:_identify(src/control/check_variable_resistor) by extension 'python_setup_py'
[0.165s] Level 1:colcon.colcon_core.package_identification:_identify(src/control/driving) by extensions ['ignore', 'ignore_ament_install']
[0.165s] Level 1:colcon.colcon_core.package_identification:_identify(src/control/driving) by extension 'ignore'
[0.165s] Level 1:colcon.colcon_core.package_identification:_identify(src/control/driving) by extension 'ignore_ament_install'
[0.165s] Level 1:colcon.colcon_core.package_identification:_identify(src/control/driving) by extensions ['colcon_pkg']
[0.165s] Level 1:colcon.colcon_core.package_identification:_identify(src/control/driving) by extension 'colcon_pkg'
[0.165s] Level 1:colcon.colcon_core.package_identification:_identify(src/control/driving) by extensions ['colcon_meta']
[0.165s] Level 1:colcon.colcon_core.package_identification:_identify(src/control/driving) by extension 'colcon_meta'
[0.165s] Level 1:colcon.colcon_core.package_identification:_identify(src/control/driving) by extensions ['ros']
[0.165s] Level 1:colcon.colcon_core.package_identification:_identify(src/control/driving) by extension 'ros'
[0.165s] Level 1:colcon.colcon_core.package_identification:_identify(src/control/driving) by extensions ['cmake', 'python']
[0.165s] Level 1:colcon.colcon_core.package_identification:_identify(src/control/driving) by extension 'cmake'
[0.165s] Level 1:colcon.colcon_core.package_identification:_identify(src/control/driving) by extension 'python'
[0.165s] Level 1:colcon.colcon_core.package_identification:_identify(src/control/driving) by extensions ['python_setup_py']
[0.165s] Level 1:colcon.colcon_core.package_identification:_identify(src/control/driving) by extension 'python_setup_py'
[0.165s] Level 1:colcon.colcon_core.package_identification:_identify(src/control/motor_test) by extensions ['ignore', 'ignore_ament_install']
[0.165s] Level 1:colcon.colcon_core.package_identification:_identify(src/control/motor_test) by extension 'ignore'
[0.166s] Level 1:colcon.colcon_core.package_identification:_identify(src/control/motor_test) by extension 'ignore_ament_install'
[0.166s] Level 1:colcon.colcon_core.package_identification:_identify(src/control/motor_test) by extensions ['colcon_pkg']
[0.166s] Level 1:colcon.colcon_core.package_identification:_identify(src/control/motor_test) by extension 'colcon_pkg'
[0.166s] Level 1:colcon.colcon_core.package_identification:_identify(src/control/motor_test) by extensions ['colcon_meta']
[0.166s] Level 1:colcon.colcon_core.package_identification:_identify(src/control/motor_test) by extension 'colcon_meta'
[0.166s] Level 1:colcon.colcon_core.package_identification:_identify(src/control/motor_test) by extensions ['ros']
[0.166s] Level 1:colcon.colcon_core.package_identification:_identify(src/control/motor_test) by extension 'ros'
[0.166s] Level 1:colcon.colcon_core.package_identification:_identify(src/control/motor_test) by extensions ['cmake', 'python']
[0.166s] Level 1:colcon.colcon_core.package_identification:_identify(src/control/motor_test) by extension 'cmake'
[0.166s] Level 1:colcon.colcon_core.package_identification:_identify(src/control/motor_test) by extension 'python'
[0.166s] Level 1:colcon.colcon_core.package_identification:_identify(src/control/motor_test) by extensions ['python_setup_py']
[0.166s] Level 1:colcon.colcon_core.package_identification:_identify(src/control/motor_test) by extension 'python_setup_py'
[0.166s] Level 1:colcon.colcon_core.package_identification:_identify(src/data_collection) by extensions ['ignore', 'ignore_ament_install']
[0.166s] Level 1:colcon.colcon_core.package_identification:_identify(src/data_collection) by extension 'ignore'
[0.166s] Level 1:colcon.colcon_core.package_identification:_identify(src/data_collection) by extension 'ignore_ament_install'
[0.166s] Level 1:colcon.colcon_core.package_identification:_identify(src/data_collection) by extensions ['colcon_pkg']
[0.166s] Level 1:colcon.colcon_core.package_identification:_identify(src/data_collection) by extension 'colcon_pkg'
[0.166s] Level 1:colcon.colcon_core.package_identification:_identify(src/data_collection) by extensions ['colcon_meta']
[0.166s] Level 1:colcon.colcon_core.package_identification:_identify(src/data_collection) by extension 'colcon_meta'
[0.166s] Level 1:colcon.colcon_core.package_identification:_identify(src/data_collection) by extensions ['ros']
[0.166s] Level 1:colcon.colcon_core.package_identification:_identify(src/data_collection) by extension 'ros'
[0.166s] Level 1:colcon.colcon_core.package_identification:_identify(src/data_collection) by extensions ['cmake', 'python']
[0.166s] Level 1:colcon.colcon_core.package_identification:_identify(src/data_collection) by extension 'cmake'
[0.166s] Level 1:colcon.colcon_core.package_identification:_identify(src/data_collection) by extension 'python'
[0.166s] Level 1:colcon.colcon_core.package_identification:_identify(src/data_collection) by extensions ['python_setup_py']
[0.166s] Level 1:colcon.colcon_core.package_identification:_identify(src/data_collection) by extension 'python_setup_py'
[0.166s] Level 1:colcon.colcon_core.package_identification:_identify(src/debug_pkg) by extensions ['ignore', 'ignore_ament_install']
[0.166s] Level 1:colcon.colcon_core.package_identification:_identify(src/debug_pkg) by extension 'ignore'
[0.166s] Level 1:colcon.colcon_core.package_identification:_identify(src/debug_pkg) by extension 'ignore_ament_install'
[0.166s] Level 1:colcon.colcon_core.package_identification:_identify(src/debug_pkg) by extensions ['colcon_pkg']
[0.166s] Level 1:colcon.colcon_core.package_identification:_identify(src/debug_pkg) by extension 'colcon_pkg'
[0.166s] Level 1:colcon.colcon_core.package_identification:_identify(src/debug_pkg) by extensions ['colcon_meta']
[0.166s] Level 1:colcon.colcon_core.package_identification:_identify(src/debug_pkg) by extension 'colcon_meta'
[0.166s] Level 1:colcon.colcon_core.package_identification:_identify(src/debug_pkg) by extensions ['ros']
[0.166s] Level 1:colcon.colcon_core.package_identification:_identify(src/debug_pkg) by extension 'ros'
[0.166s] DEBUG:colcon.colcon_core.package_identification:Package 'src/debug_pkg' with type 'ros.ament_python' and name 'debug_pkg'
[0.167s] Level 1:colcon.colcon_core.package_identification:_identify(src/decision_making_pkg) by extensions ['ignore', 'ignore_ament_install']
[0.167s] Level 1:colcon.colcon_core.package_identification:_identify(src/decision_making_pkg) by extension 'ignore'
[0.167s] Level 1:colcon.colcon_core.package_identification:_identify(src/decision_making_pkg) by extension 'ignore_ament_install'
[0.167s] Level 1:colcon.colcon_core.package_identification:_identify(src/decision_making_pkg) by extensions ['colcon_pkg']
[0.167s] Level 1:colcon.colcon_core.package_identification:_identify(src/decision_making_pkg) by extension 'colcon_pkg'
[0.167s] Level 1:colcon.colcon_core.package_identification:_identify(src/decision_making_pkg) by extensions ['colcon_meta']
[0.167s] Level 1:colcon.colcon_core.package_identification:_identify(src/decision_making_pkg) by extension 'colcon_meta'
[0.167s] Level 1:colcon.colcon_core.package_identification:_identify(src/decision_making_pkg) by extensions ['ros']
[0.167s] Level 1:colcon.colcon_core.package_identification:_identify(src/decision_making_pkg) by extension 'ros'
[0.167s] DEBUG:colcon.colcon_core.package_identification:Package 'src/decision_making_pkg' with type 'ros.ament_python' and name 'decision_making_pkg'
[0.167s] Level 1:colcon.colcon_core.package_identification:_identify(src/interfaces_pkg) by extensions ['ignore', 'ignore_ament_install']
[0.167s] Level 1:colcon.colcon_core.package_identification:_identify(src/interfaces_pkg) by extension 'ignore'
[0.167s] Level 1:colcon.colcon_core.package_identification:_identify(src/interfaces_pkg) by extension 'ignore_ament_install'
[0.167s] Level 1:colcon.colcon_core.package_identification:_identify(src/interfaces_pkg) by extensions ['colcon_pkg']
[0.167s] Level 1:colcon.colcon_core.package_identification:_identify(src/interfaces_pkg) by extension 'colcon_pkg'
[0.167s] Level 1:colcon.colcon_core.package_identification:_identify(src/interfaces_pkg) by extensions ['colcon_meta']
[0.167s] Level 1:colcon.colcon_core.package_identification:_identify(src/interfaces_pkg) by extension 'colcon_meta'
[0.167s] Level 1:colcon.colcon_core.package_identification:_identify(src/interfaces_pkg) by extensions ['ros']
[0.167s] Level 1:colcon.colcon_core.package_identification:_identify(src/interfaces_pkg) by extension 'ros'
[0.168s] DEBUG:colcon.colcon_core.package_identification:Package 'src/interfaces_pkg' with type 'ros.ament_cmake' and name 'interfaces_pkg'
[0.168s] Level 1:colcon.colcon_core.package_identification:_identify(src/lidar_perception_pkg) by extensions ['ignore', 'ignore_ament_install']
[0.168s] Level 1:colcon.colcon_core.package_identification:_identify(src/lidar_perception_pkg) by extension 'ignore'
[0.168s] Level 1:colcon.colcon_core.package_identification:_identify(src/lidar_perception_pkg) by extension 'ignore_ament_install'
[0.168s] Level 1:colcon.colcon_core.package_identification:_identify(src/lidar_perception_pkg) by extensions ['colcon_pkg']
[0.168s] Level 1:colcon.colcon_core.package_identification:_identify(src/lidar_perception_pkg) by extension 'colcon_pkg'
[0.168s] Level 1:colcon.colcon_core.package_identification:_identify(src/lidar_perception_pkg) by extensions ['colcon_meta']
[0.168s] Level 1:colcon.colcon_core.package_identification:_identify(src/lidar_perception_pkg) by extension 'colcon_meta'
[0.168s] Level 1:colcon.colcon_core.package_identification:_identify(src/lidar_perception_pkg) by extensions ['ros']
[0.168s] Level 1:colcon.colcon_core.package_identification:_identify(src/lidar_perception_pkg) by extension 'ros'
[0.168s] DEBUG:colcon.colcon_core.package_identification:Package 'src/lidar_perception_pkg' with type 'ros.ament_python' and name 'lidar_perception_pkg'
[0.168s] Level 1:colcon.colcon_core.package_identification:_identify(src/serial_communication_pkg) by extensions ['ignore', 'ignore_ament_install']
[0.168s] Level 1:colcon.colcon_core.package_identification:_identify(src/serial_communication_pkg) by extension 'ignore'
[0.168s] Level 1:colcon.colcon_core.package_identification:_identify(src/serial_communication_pkg) by extension 'ignore_ament_install'
[0.168s] Level 1:colcon.colcon_core.package_identification:_identify(src/serial_communication_pkg) by extensions ['colcon_pkg']
[0.168s] Level 1:colcon.colcon_core.package_identification:_identify(src/serial_communication_pkg) by extension 'colcon_pkg'
[0.168s] Level 1:colcon.colcon_core.package_identification:_identify(src/serial_communication_pkg) by extensions ['colcon_meta']
[0.168s] Level 1:colcon.colcon_core.package_identification:_identify(src/serial_communication_pkg) by extension 'colcon_meta'
[0.168s] Level 1:colcon.colcon_core.package_identification:_identify(src/serial_communication_pkg) by extensions ['ros']
[0.169s] Level 1:colcon.colcon_core.package_identification:_identify(src/serial_communication_pkg) by extension 'ros'
[0.169s] DEBUG:colcon.colcon_core.package_identification:Package 'src/serial_communication_pkg' with type 'ros.ament_python' and name 'serial_communication_pkg'
[0.169s] Level 1:colcon.colcon_core.package_discovery:discover_packages(recursive) using defaults
[0.169s] Level 1:colcon.colcon_core.package_discovery:discover_packages(ignore) discover
[0.169s] Level 1:colcon.colcon_core.package_discovery:discover_packages(ignore) using defaults
[0.169s] Level 1:colcon.colcon_core.package_discovery:discover_packages(path) discover
[0.169s] Level 1:colcon.colcon_core.package_discovery:discover_packages(path) using defaults
[0.180s] Level 1:colcon.colcon_core.package_discovery:discover_packages(prefix_path) check parameters
[0.180s] Level 1:colcon.colcon_core.package_discovery:discover_packages(prefix_path) discover
[0.181s] DEBUG:colcon.colcon_installed_package_information.package_discovery:Found 6 installed packages in /home/yejin/ros2_ws/install
[0.182s] DEBUG:colcon.colcon_installed_package_information.package_discovery:Found 271 installed packages in /opt/ros/humble
[0.183s] Level 1:colcon.colcon_core.package_discovery:discover_packages(prefix_path) using defaults
[0.201s] Level 5:colcon.colcon_core.verb:set package 'camera_perception_pkg' build argument 'cmake_args' from command line to 'None'
[0.201s] Level 5:colcon.colcon_core.verb:set package 'camera_perception_pkg' build argument 'cmake_target' from command line to 'None'
[0.201s] Level 5:colcon.colcon_core.verb:set package 'camera_perception_pkg' build argument 'cmake_target_skip_unavailable' from command line to 'False'
[0.201s] Level 5:colcon.colcon_core.verb:set package 'camera_perception_pkg' build argument 'cmake_clean_cache' from command line to 'False'
[0.201s] Level 5:colcon.colcon_core.verb:set package 'camera_perception_pkg' build argument 'cmake_clean_first' from command line to 'False'
[0.201s] Level 5:colcon.colcon_core.verb:set package 'camera_perception_pkg' build argument 'cmake_force_configure' from command line to 'False'
[0.201s] Level 5:colcon.colcon_core.verb:set package 'camera_perception_pkg' build argument 'ament_cmake_args' from command line to 'None'
[0.201s] Level 5:colcon.colcon_core.verb:set package 'camera_perception_pkg' build argument 'catkin_cmake_args' from command line to 'None'
[0.201s] Level 5:colcon.colcon_core.verb:set package 'camera_perception_pkg' build argument 'catkin_skip_building_tests' from command line to 'False'
[0.201s] DEBUG:colcon.colcon_core.verb:Building package 'camera_perception_pkg' with the following arguments: {'ament_cmake_args': None, 'build_base': '/home/yejin/ros2_ws/build/camera_perception_pkg', 'catkin_cmake_args': None, 'catkin_skip_building_tests': False, 'cmake_args': None, 'cmake_clean_cache': False, 'cmake_clean_first': False, 'cmake_force_configure': False, 'cmake_target': None, 'cmake_target_skip_unavailable': False, 'install_base': '/home/yejin/ros2_ws/install/camera_perception_pkg', 'merge_install': False, 'path': '/home/yejin/ros2_ws/src/camera_perception_pkg', 'symlink_install': True, 'test_result_base': None}
[0.201s] Level 5:colcon.colcon_core.verb:set package 'debug_pkg' build argument 'cmake_args' from command line to 'None'
[0.201s] Level 5:colcon.colcon_core.verb:set package 'debug_pkg' build argument 'cmake_target' from command line to 'None'
[0.201s] Level 5:colcon.colcon_core.verb:set package 'debug_pkg' build argument 'cmake_target_skip_unavailable' from command line to 'False'
[0.201s] Level 5:colcon.colcon_core.verb:set package 'debug_pkg' build argument 'cmake_clean_cache' from command line to 'False'
[0.201s] Level 5:colcon.colcon_core.verb:set package 'debug_pkg' build argument 'cmake_clean_first' from command line to 'False'
[0.201s] Level 5:colcon.colcon_core.verb:set package 'debug_pkg' build argument 'cmake_force_configure' from command line to 'False'
[0.201s] Level 5:colcon.colcon_core.verb:set package 'debug_pkg' build argument 'ament_cmake_args' from command line to 'None'
[0.201s] Level 5:colcon.colcon_core.verb:set package 'debug_pkg' build argument 'catkin_cmake_args' from command line to 'None'
[0.201s] Level 5:colcon.colcon_core.verb:set package 'debug_pkg' build argument 'catkin_skip_building_tests' from command line to 'False'
[0.201s] DEBUG:colcon.colcon_core.verb:Building package 'debug_pkg' with the following arguments: {'ament_cmake_args': None, 'build_base': '/home/yejin/ros2_ws/build/debug_pkg', 'catkin_cmake_args': None, 'catkin_skip_building_tests': False, 'cmake_args': None, 'cmake_clean_cache': False, 'cmake_clean_first': False, 'cmake_force_configure': False, 'cmake_target': None, 'cmake_target_skip_unavailable': False, 'install_base': '/home/yejin/ros2_ws/install/debug_pkg', 'merge_install': False, 'path': '/home/yejin/ros2_ws/src/debug_pkg', 'symlink_install': True, 'test_result_base': None}
[0.202s] Level 5:colcon.colcon_core.verb:set package 'decision_making_pkg' build argument 'cmake_args' from command line to 'None'
[0.202s] Level 5:colcon.colcon_core.verb:set package 'decision_making_pkg' build argument 'cmake_target' from command line to 'None'
[0.202s] Level 5:colcon.colcon_core.verb:set package 'decision_making_pkg' build argument 'cmake_target_skip_unavailable' from command line to 'False'
[0.202s] Level 5:colcon.colcon_core.verb:set package 'decision_making_pkg' build argument 'cmake_clean_cache' from command line to 'False'
[0.202s] Level 5:colcon.colcon_core.verb:set package 'decision_making_pkg' build argument 'cmake_clean_first' from command line to 'False'
[0.202s] Level 5:colcon.colcon_core.verb:set package 'decision_making_pkg' build argument 'cmake_force_configure' from command line to 'False'
[0.202s] Level 5:colcon.colcon_core.verb:set package 'decision_making_pkg' build argument 'ament_cmake_args' from command line to 'None'
[0.202s] Level 5:colcon.colcon_core.verb:set package 'decision_making_pkg' build argument 'catkin_cmake_args' from command line to 'None'
[0.202s] Level 5:colcon.colcon_core.verb:set package 'decision_making_pkg' build argument 'catkin_skip_building_tests' from command line to 'False'
[0.202s] DEBUG:colcon.colcon_core.verb:Building package 'decision_making_pkg' with the following arguments: {'ament_cmake_args': None, 'build_base': '/home/yejin/ros2_ws/build/decision_making_pkg', 'catkin_cmake_args': None, 'catkin_skip_building_tests': False, 'cmake_args': None, 'cmake_clean_cache': False, 'cmake_clean_first': False, 'cmake_force_configure': False, 'cmake_target': None, 'cmake_target_skip_unavailable': False, 'install_base': '/home/yejin/ros2_ws/install/decision_making_pkg', 'merge_install': False, 'path': '/home/yejin/ros2_ws/src/decision_making_pkg', 'symlink_install': True, 'test_result_base': None}
[0.202s] Level 5:colcon.colcon_core.verb:set package 'interfaces_pkg' build argument 'cmake_args' from command line to 'None'
[0.202s] Level 5:colcon.colcon_core.verb:set package 'interfaces_pkg' build argument 'cmake_target' from command line to 'None'
[0.202s] Level 5:colcon.colcon_core.verb:set package 'interfaces_pkg' build argument 'cmake_target_skip_unavailable' from command line to 'False'
[0.202s] Level 5:colcon.colcon_core.verb:set package 'interfaces_pkg' build argument 'cmake_clean_cache' from command line to 'False'
[0.202s] Level 5:colcon.colcon_core.verb:set package 'interfaces_pkg' build argument 'cmake_clean_first' from command line to 'False'
[0.202s] Level 5:colcon.colcon_core.verb:set package 'interfaces_pkg' build argument 'cmake_force_configure' from command line to 'False'
[0.202s] Level 5:colcon.colcon_core.verb:set package 'interfaces_pkg' build argument 'ament_cmake_args' from command line to 'None'
[0.202s] Level 5:colcon.colcon_core.verb:set package 'interfaces_pkg' build argument 'catkin_cmake_args' from command line to 'None'
[0.202s] Level 5:colcon.colcon_core.verb:set package 'interfaces_pkg' build argument 'catkin_skip_building_tests' from command line to 'False'
[0.202s] DEBUG:colcon.colcon_core.verb:Building package 'interfaces_pkg' with the following arguments: {'ament_cmake_args': None, 'build_base': '/home/yejin/ros2_ws/build/interfaces_pkg', 'catkin_cmake_args': None, 'catkin_skip_building_tests': False, 'cmake_args': None, 'cmake_clean_cache': False, 'cmake_clean_first': False, 'cmake_force_configure': False, 'cmake_target': None, 'cmake_target_skip_unavailable': False, 'install_base': '/home/yejin/ros2_ws/install/interfaces_pkg', 'merge_install': False, 'path': '/home/yejin/ros2_ws/src/interfaces_pkg', 'symlink_install': True, 'test_result_base': None}
[0.202s] Level 5:colcon.colcon_core.verb:set package 'lidar_perception_pkg' build argument 'cmake_args' from command line to 'None'
[0.202s] Level 5:colcon.colcon_core.verb:set package 'lidar_perception_pkg' build argument 'cmake_target' from command line to 'None'
[0.202s] Level 5:colcon.colcon_core.verb:set package 'lidar_perception_pkg' build argument 'cmake_target_skip_unavailable' from command line to 'False'
[0.202s] Level 5:colcon.colcon_core.verb:set package 'lidar_perception_pkg' build argument 'cmake_clean_cache' from command line to 'False'
[0.202s] Level 5:colcon.colcon_core.verb:set package 'lidar_perception_pkg' build argument 'cmake_clean_first' from command line to 'False'
[0.202s] Level 5:colcon.colcon_core.verb:set package 'lidar_perception_pkg' build argument 'cmake_force_configure' from command line to 'False'
[0.202s] Level 5:colcon.colcon_core.verb:set package 'lidar_perception_pkg' build argument 'ament_cmake_args' from command line to 'None'
[0.202s] Level 5:colcon.colcon_core.verb:set package 'lidar_perception_pkg' build argument 'catkin_cmake_args' from command line to 'None'
[0.202s] Level 5:colcon.colcon_core.verb:set package 'lidar_perception_pkg' build argument 'catkin_skip_building_tests' from command line to 'False'
[0.202s] DEBUG:colcon.colcon_core.verb:Building package 'lidar_perception_pkg' with the following arguments: {'ament_cmake_args': None, 'build_base': '/home/yejin/ros2_ws/build/lidar_perception_pkg', 'catkin_cmake_args': None, 'catkin_skip_building_tests': False, 'cmake_args': None, 'cmake_clean_cache': False, 'cmake_clean_first': False, 'cmake_force_configure': False, 'cmake_target': None, 'cmake_target_skip_unavailable': False, 'install_base': '/home/yejin/ros2_ws/install/lidar_perception_pkg', 'merge_install': False, 'path': '/home/yejin/ros2_ws/src/lidar_perception_pkg', 'symlink_install': True, 'test_result_base': None}
[0.202s] Level 5:colcon.colcon_core.verb:set package 'serial_communication_pkg' build argument 'cmake_args' from command line to 'None'
[0.202s] Level 5:colcon.colcon_core.verb:set package 'serial_communication_pkg' build argument 'cmake_target' from command line to 'None'
[0.202s] Level 5:colcon.colcon_core.verb:set package 'serial_communication_pkg' build argument 'cmake_target_skip_unavailable' from command line to 'False'
[0.202s] Level 5:colcon.colcon_core.verb:set package 'serial_communication_pkg' build argument 'cmake_clean_cache' from command line to 'False'
[0.202s] Level 5:colcon.colcon_core.verb:set package 'serial_communication_pkg' build argument 'cmake_clean_first' from command line to 'False'
[0.202s] Level 5:colcon.colcon_core.verb:set package 'serial_communication_pkg' build argument 'cmake_force_configure' from command line to 'False'
[0.202s] Level 5:colcon.colcon_core.verb:set package 'serial_communication_pkg' build argument 'ament_cmake_args' from command line to 'None'
[0.202s] Level 5:colcon.colcon_core.verb:set package 'serial_communication_pkg' build argument 'catkin_cmake_args' from command line to 'None'
[0.202s] Level 5:colcon.colcon_core.verb:set package 'serial_communication_pkg' build argument 'catkin_skip_building_tests' from command line to 'False'
[0.202s] DEBUG:colcon.colcon_core.verb:Building package 'serial_communication_pkg' with the following arguments: {'ament_cmake_args': None, 'build_base': '/home/yejin/ros2_ws/build/serial_communication_pkg', 'catkin_cmake_args': None, 'catkin_skip_building_tests': False, 'cmake_args': None, 'cmake_clean_cache': False, 'cmake_clean_first': False, 'cmake_force_configure': False, 'cmake_target': None, 'cmake_target_skip_unavailable': False, 'install_base': '/home/yejin/ros2_ws/install/serial_communication_pkg', 'merge_install': False, 'path': '/home/yejin/ros2_ws/src/serial_communication_pkg', 'symlink_install': True, 'test_result_base': None}
[0.203s] INFO:colcon.colcon_core.executor:Executing jobs using 'parallel' executor
[0.204s] DEBUG:colcon.colcon_parallel_executor.executor.parallel:run_until_complete
[0.204s] INFO:colcon.colcon_ros.task.ament_python.build:Building ROS package in '/home/yejin/ros2_ws/src/camera_perception_pkg' with build type 'ament_python'
[0.204s] Level 1:colcon.colcon_core.shell:create_environment_hook('camera_perception_pkg', 'ament_prefix_path')
[0.206s] INFO:colcon.colcon_core.plugin_system:Skipping extension 'colcon_core.shell.bat': Not used on non-Windows systems
[0.206s] INFO:colcon.colcon_core.shell:Creating environment hook '/home/yejin/ros2_ws/install/camera_perception_pkg/share/camera_perception_pkg/hook/ament_prefix_path.ps1'
[0.207s] INFO:colcon.colcon_core.shell:Creating environment descriptor '/home/yejin/ros2_ws/install/camera_perception_pkg/share/camera_perception_pkg/hook/ament_prefix_path.dsv'
[0.207s] INFO:colcon.colcon_core.shell:Creating environment hook '/home/yejin/ros2_ws/install/camera_perception_pkg/share/camera_perception_pkg/hook/ament_prefix_path.sh'
[0.208s] INFO:colcon.colcon_core.shell:Skip shell extension 'powershell' for command environment: Not usable outside of PowerShell
[0.208s] DEBUG:colcon.colcon_core.shell:Skip shell extension 'dsv' for command environment
[0.210s] INFO:colcon.colcon_ros.task.ament_python.build:Building ROS package in '/home/yejin/ros2_ws/src/debug_pkg' with build type 'ament_python'
[0.210s] Level 1:colcon.colcon_core.shell:create_environment_hook('debug_pkg', 'ament_prefix_path')
[0.210s] INFO:colcon.colcon_core.shell:Creating environment hook '/home/yejin/ros2_ws/install/debug_pkg/share/debug_pkg/hook/ament_prefix_path.ps1'
[0.210s] INFO:colcon.colcon_core.shell:Creating environment descriptor '/home/yejin/ros2_ws/install/debug_pkg/share/debug_pkg/hook/ament_prefix_path.dsv'
[0.211s] INFO:colcon.colcon_core.shell:Creating environment hook '/home/yejin/ros2_ws/install/debug_pkg/share/debug_pkg/hook/ament_prefix_path.sh'
[0.211s] INFO:colcon.colcon_core.shell:Skip shell extension 'powershell' for command environment: Not usable outside of PowerShell
[0.211s] DEBUG:colcon.colcon_core.shell:Skip shell extension 'dsv' for command environment
[0.213s] INFO:colcon.colcon_ros.task.ament_python.build:Building ROS package in '/home/yejin/ros2_ws/src/decision_making_pkg' with build type 'ament_python'
[0.213s] Level 1:colcon.colcon_core.shell:create_environment_hook('decision_making_pkg', 'ament_prefix_path')
[0.213s] INFO:colcon.colcon_core.shell:Creating environment hook '/home/yejin/ros2_ws/install/decision_making_pkg/share/decision_making_pkg/hook/ament_prefix_path.ps1'
[0.215s] INFO:colcon.colcon_core.shell:Creating environment descriptor '/home/yejin/ros2_ws/install/decision_making_pkg/share/decision_making_pkg/hook/ament_prefix_path.dsv'
[0.215s] INFO:colcon.colcon_core.shell:Creating environment hook '/home/yejin/ros2_ws/install/decision_making_pkg/share/decision_making_pkg/hook/ament_prefix_path.sh'
[0.216s] INFO:colcon.colcon_core.shell:Skip shell extension 'powershell' for command environment: Not usable outside of PowerShell
[0.216s] DEBUG:colcon.colcon_core.shell:Skip shell extension 'dsv' for command environment
[0.217s] INFO:colcon.colcon_ros.task.ament_cmake.build:Building ROS package in '/home/yejin/ros2_ws/src/interfaces_pkg' with build type 'ament_cmake'
[0.217s] INFO:colcon.colcon_cmake.task.cmake.build:Building CMake package in '/home/yejin/ros2_ws/src/interfaces_pkg'
[0.217s] INFO:colcon.colcon_core.shell:Skip shell extension 'powershell' for command environment: Not usable outside of PowerShell
[0.217s] DEBUG:colcon.colcon_core.shell:Skip shell extension 'dsv' for command environment
[0.219s] INFO:colcon.colcon_ros.task.ament_python.build:Building ROS package in '/home/yejin/ros2_ws/src/lidar_perception_pkg' with build type 'ament_python'
[0.219s] Level 1:colcon.colcon_core.shell:create_environment_hook('lidar_perception_pkg', 'ament_prefix_path')
[0.219s] INFO:colcon.colcon_core.shell:Creating environment hook '/home/yejin/ros2_ws/install/lidar_perception_pkg/share/lidar_perception_pkg/hook/ament_prefix_path.ps1'
[0.219s] INFO:colcon.colcon_core.shell:Creating environment descriptor '/home/yejin/ros2_ws/install/lidar_perception_pkg/share/lidar_perception_pkg/hook/ament_prefix_path.dsv'
[0.219s] INFO:colcon.colcon_core.shell:Creating environment hook '/home/yejin/ros2_ws/install/lidar_perception_pkg/share/lidar_perception_pkg/hook/ament_prefix_path.sh'
[0.220s] INFO:colcon.colcon_core.shell:Skip shell extension 'powershell' for command environment: Not usable outside of PowerShell
[0.220s] DEBUG:colcon.colcon_core.shell:Skip shell extension 'dsv' for command environment
[0.221s] INFO:colcon.colcon_ros.task.ament_python.build:Building ROS package in '/home/yejin/ros2_ws/src/serial_communication_pkg' with build type 'ament_python'
[0.221s] Level 1:colcon.colcon_core.shell:create_environment_hook('serial_communication_pkg', 'ament_prefix_path')
[0.222s] INFO:colcon.colcon_core.shell:Creating environment hook '/home/yejin/ros2_ws/install/serial_communication_pkg/share/serial_communication_pkg/hook/ament_prefix_path.ps1'
[0.222s] INFO:colcon.colcon_core.shell:Creating environment descriptor '/home/yejin/ros2_ws/install/serial_communication_pkg/share/serial_communication_pkg/hook/ament_prefix_path.dsv'
[0.222s] INFO:colcon.colcon_core.shell:Creating environment hook '/home/yejin/ros2_ws/install/serial_communication_pkg/share/serial_communication_pkg/hook/ament_prefix_path.sh'
[0.222s] INFO:colcon.colcon_core.shell:Skip shell extension 'powershell' for command environment: Not usable outside of PowerShell
[0.222s] DEBUG:colcon.colcon_core.shell:Skip shell extension 'dsv' for command environment
[0.372s] INFO:colcon.colcon_core.task.python.build:Building Python package in '/home/yejin/ros2_ws/src/camera_perception_pkg'
[0.372s] INFO:colcon.colcon_core.shell:Skip shell extension 'powershell' for command environment: Not usable outside of PowerShell
[0.372s] DEBUG:colcon.colcon_core.shell:Skip shell extension 'dsv' for command environment
[0.518s] INFO:colcon.colcon_core.task.python.build:Building Python package in '/home/yejin/ros2_ws/src/debug_pkg'
[0.519s] INFO:colcon.colcon_core.shell:Skip shell extension 'powershell' for command environment: Not usable outside of PowerShell
[0.519s] DEBUG:colcon.colcon_core.shell:Skip shell extension 'dsv' for command environment
[0.671s] INFO:colcon.colcon_core.task.python.build:Building Python package in '/home/yejin/ros2_ws/src/decision_making_pkg'
[0.672s] INFO:colcon.colcon_core.shell:Skip shell extension 'powershell' for command environment: Not usable outside of PowerShell
[0.672s] DEBUG:colcon.colcon_core.shell:Skip shell extension 'dsv' for command environment
[0.677s] DEBUG:colcon.colcon_core.event_handler.log_command:Invoking command in '/home/yejin/ros2_ws/build/interfaces_pkg': CMAKE_PREFIX_PATH=${CMAKE_PREFIX_PATH}:/home/yejin/ros2_ws/install/serial_communication_pkg:/home/yejin/ros2_ws/install/lidar_perception_pkg:/home/yejin/ros2_ws/install/decision_making_pkg:/home/yejin/ros2_ws/install/debug_pkg:/home/yejin/ros2_ws/install/camera_perception_pkg:/opt/ros/humble /usr/bin/cmake --build /home/yejin/ros2_ws/build/interfaces_pkg -- -j22 -l22
[0.840s] INFO:colcon.colcon_core.task.python.build:Building Python package in '/home/yejin/ros2_ws/src/lidar_perception_pkg'
[0.840s] INFO:colcon.colcon_core.shell:Skip shell extension 'powershell' for command environment: Not usable outside of PowerShell
[0.840s] DEBUG:colcon.colcon_core.shell:Skip shell extension 'dsv' for command environment
[0.989s] INFO:colcon.colcon_core.task.python.build:Building Python package in '/home/yejin/ros2_ws/src/serial_communication_pkg'
[0.990s] INFO:colcon.colcon_core.shell:Skip shell extension 'powershell' for command environment: Not usable outside of PowerShell
[0.990s] DEBUG:colcon.colcon_core.shell:Skip shell extension 'dsv' for command environment
[1.001s] DEBUG:colcon.colcon_core.event_handler.log_command:Invoked command in '/home/yejin/ros2_ws/build/interfaces_pkg' returned '0': CMAKE_PREFIX_PATH=${CMAKE_PREFIX_PATH}:/home/yejin/ros2_ws/install/serial_communication_pkg:/home/yejin/ros2_ws/install/lidar_perception_pkg:/home/yejin/ros2_ws/install/decision_making_pkg:/home/yejin/ros2_ws/install/debug_pkg:/home/yejin/ros2_ws/install/camera_perception_pkg:/opt/ros/humble /usr/bin/cmake --build /home/yejin/ros2_ws/build/interfaces_pkg -- -j22 -l22
[1.014s] DEBUG:colcon.colcon_core.event_handler.log_command:Invoking command in '/home/yejin/ros2_ws/build/interfaces_pkg': CMAKE_PREFIX_PATH=${CMAKE_PREFIX_PATH}:/home/yejin/ros2_ws/install/serial_communication_pkg:/home/yejin/ros2_ws/install/lidar_perception_pkg:/home/yejin/ros2_ws/install/decision_making_pkg:/home/yejin/ros2_ws/install/debug_pkg:/home/yejin/ros2_ws/install/camera_perception_pkg:/opt/ros/humble /usr/bin/cmake --install /home/yejin/ros2_ws/build/interfaces_pkg
[1.080s] Level 1:colcon.colcon_core.environment:create_environment_scripts_only(interfaces_pkg)
[1.081s] DEBUG:colcon.colcon_core.event_handler.log_command:Invoked command in '/home/yejin/ros2_ws/build/interfaces_pkg' returned '0': CMAKE_PREFIX_PATH=${CMAKE_PREFIX_PATH}:/home/yejin/ros2_ws/install/serial_communication_pkg:/home/yejin/ros2_ws/install/lidar_perception_pkg:/home/yejin/ros2_ws/install/decision_making_pkg:/home/yejin/ros2_ws/install/debug_pkg:/home/yejin/ros2_ws/install/camera_perception_pkg:/opt/ros/humble /usr/bin/cmake --install /home/yejin/ros2_ws/build/interfaces_pkg
[1.083s] Level 1:colcon.colcon_core.environment:checking '/home/yejin/ros2_ws/install/interfaces_pkg' for CMake module files
[1.084s] Level 1:colcon.colcon_core.environment:checking '/home/yejin/ros2_ws/install/interfaces_pkg' for CMake config files
[1.084s] Level 1:colcon.colcon_core.shell:create_environment_hook('interfaces_pkg', 'cmake_prefix_path')
[1.085s] INFO:colcon.colcon_core.shell:Creating environment hook '/home/yejin/ros2_ws/install/interfaces_pkg/share/interfaces_pkg/hook/cmake_prefix_path.ps1'
[1.085s] INFO:colcon.colcon_core.shell:Creating environment descriptor '/home/yejin/ros2_ws/install/interfaces_pkg/share/interfaces_pkg/hook/cmake_prefix_path.dsv'
[1.086s] INFO:colcon.colcon_core.shell:Creating environment hook '/home/yejin/ros2_ws/install/interfaces_pkg/share/interfaces_pkg/hook/cmake_prefix_path.sh'
[1.086s] Level 1:colcon.colcon_core.environment:checking '/home/yejin/ros2_ws/install/interfaces_pkg/lib'
[1.086s] Level 1:colcon.colcon_core.shell:create_environment_hook('interfaces_pkg', 'ld_library_path_lib')
[1.087s] INFO:colcon.colcon_core.shell:Creating environment hook '/home/yejin/ros2_ws/install/interfaces_pkg/share/interfaces_pkg/hook/ld_library_path_lib.ps1'
[1.087s] INFO:colcon.colcon_core.shell:Creating environment descriptor '/home/yejin/ros2_ws/install/interfaces_pkg/share/interfaces_pkg/hook/ld_library_path_lib.dsv'
[1.087s] INFO:colcon.colcon_core.shell:Creating environment hook '/home/yejin/ros2_ws/install/interfaces_pkg/share/interfaces_pkg/hook/ld_library_path_lib.sh'
[1.088s] Level 1:colcon.colcon_core.environment:checking '/home/yejin/ros2_ws/install/interfaces_pkg/bin'
[1.088s] Level 1:colcon.colcon_core.environment:checking '/home/yejin/ros2_ws/install/interfaces_pkg/lib/pkgconfig/interfaces_pkg.pc'
[1.088s] Level 1:colcon.colcon_core.environment:checking '/home/yejin/ros2_ws/install/interfaces_pkg/lib/python3.10/site-packages'
[1.088s] Level 1:colcon.colcon_core.environment:checking '/home/yejin/ros2_ws/install/interfaces_pkg/bin'
[1.088s] INFO:colcon.colcon_core.shell:Creating package script '/home/yejin/ros2_ws/install/interfaces_pkg/share/interfaces_pkg/package.ps1'
[1.089s] INFO:colcon.colcon_core.shell:Creating package descriptor '/home/yejin/ros2_ws/install/interfaces_pkg/share/interfaces_pkg/package.dsv'
[1.090s] INFO:colcon.colcon_core.shell:Creating package script '/home/yejin/ros2_ws/install/interfaces_pkg/share/interfaces_pkg/package.sh'
[1.091s] INFO:colcon.colcon_core.shell:Creating package script '/home/yejin/ros2_ws/install/interfaces_pkg/share/interfaces_pkg/package.bash'
[1.091s] INFO:colcon.colcon_core.shell:Creating package script '/home/yejin/ros2_ws/install/interfaces_pkg/share/interfaces_pkg/package.zsh'
[1.092s] Level 1:colcon.colcon_core.environment:create_file_with_runtime_dependencies(/home/yejin/ros2_ws/install/interfaces_pkg/share/colcon-core/packages/interfaces_pkg)
[1.093s] Level 1:colcon.colcon_core.environment:create_environment_scripts_only(interfaces_pkg)
[1.093s] Level 1:colcon.colcon_core.environment:checking '/home/yejin/ros2_ws/install/interfaces_pkg' for CMake module files
[1.094s] Level 1:colcon.colcon_core.environment:checking '/home/yejin/ros2_ws/install/interfaces_pkg' for CMake config files
[1.094s] Level 1:colcon.colcon_core.shell:create_environment_hook('interfaces_pkg', 'cmake_prefix_path')
[1.095s] INFO:colcon.colcon_core.shell:Creating environment hook '/home/yejin/ros2_ws/install/interfaces_pkg/share/interfaces_pkg/hook/cmake_prefix_path.ps1'
[1.095s] INFO:colcon.colcon_core.shell:Creating environment descriptor '/home/yejin/ros2_ws/install/interfaces_pkg/share/interfaces_pkg/hook/cmake_prefix_path.dsv'
[1.095s] INFO:colcon.colcon_core.shell:Creating environment hook '/home/yejin/ros2_ws/install/interfaces_pkg/share/interfaces_pkg/hook/cmake_prefix_path.sh'
[1.096s] Level 1:colcon.colcon_core.environment:checking '/home/yejin/ros2_ws/install/interfaces_pkg/lib'
[1.096s] Level 1:colcon.colcon_core.shell:create_environment_hook('interfaces_pkg', 'ld_library_path_lib')
[1.096s] INFO:colcon.colcon_core.shell:Creating environment hook '/home/yejin/ros2_ws/install/interfaces_pkg/share/interfaces_pkg/hook/ld_library_path_lib.ps1'
[1.097s] INFO:colcon.colcon_core.shell:Creating environment descriptor '/home/yejin/ros2_ws/install/interfaces_pkg/share/interfaces_pkg/hook/ld_library_path_lib.dsv'
[1.097s] INFO:colcon.colcon_core.shell:Creating environment hook '/home/yejin/ros2_ws/install/interfaces_pkg/share/interfaces_pkg/hook/ld_library_path_lib.sh'
[1.097s] Level 1:colcon.colcon_core.environment:checking '/home/yejin/ros2_ws/install/interfaces_pkg/bin'
[1.097s] Level 1:colcon.colcon_core.environment:checking '/home/yejin/ros2_ws/install/interfaces_pkg/lib/pkgconfig/interfaces_pkg.pc'
[1.098s] Level 1:colcon.colcon_core.environment:checking '/home/yejin/ros2_ws/install/interfaces_pkg/lib/python3.10/site-packages'
[1.098s] Level 1:colcon.colcon_core.environment:checking '/home/yejin/ros2_ws/install/interfaces_pkg/bin'
[1.098s] INFO:colcon.colcon_core.shell:Creating package script '/home/yejin/ros2_ws/install/interfaces_pkg/share/interfaces_pkg/package.ps1'
[1.099s] INFO:colcon.colcon_core.shell:Creating package descriptor '/home/yejin/ros2_ws/install/interfaces_pkg/share/interfaces_pkg/package.dsv'
[1.099s] INFO:colcon.colcon_core.shell:Creating package script '/home/yejin/ros2_ws/install/interfaces_pkg/share/interfaces_pkg/package.sh'
[1.099s] INFO:colcon.colcon_core.shell:Creating package script '/home/yejin/ros2_ws/install/interfaces_pkg/share/interfaces_pkg/package.bash'
[1.100s] INFO:colcon.colcon_core.shell:Creating package script '/home/yejin/ros2_ws/install/interfaces_pkg/share/interfaces_pkg/package.zsh'
[1.100s] Level 1:colcon.colcon_core.environment:create_file_with_runtime_dependencies(/home/yejin/ros2_ws/install/interfaces_pkg/share/colcon-core/packages/interfaces_pkg)
[1.196s] DEBUG:colcon.colcon_core.event_handler.log_command:Invoking command in '/home/yejin/ros2_ws/build/camera_perception_pkg': PYTHONPATH=/home/yejin/ros2_ws/build/camera_perception_pkg/prefix_override:/usr/lib/python3/dist-packages/colcon_core/task/python/colcon_distutils_commands:/home/yejin/ros2_ws/install/camera_perception_pkg/lib/python3.10/site-packages:${PYTHONPATH} /usr/bin/python3 -W ignore:setup.py install is deprecated -W ignore:easy_install command is deprecated setup.py develop --editable --build-directory /home/yejin/ros2_ws/build/camera_perception_pkg/build --no-deps symlink_data
[1.216s] DEBUG:colcon.colcon_core.event_handler.log_command:Invoking command in '/home/yejin/ros2_ws/build/lidar_perception_pkg': PYTHONPATH=/home/yejin/ros2_ws/build/lidar_perception_pkg/prefix_override:/usr/lib/python3/dist-packages/colcon_core/task/python/colcon_distutils_commands:/home/yejin/ros2_ws/install/lidar_perception_pkg/lib/python3.10/site-packages:${PYTHONPATH} /usr/bin/python3 -W ignore:setup.py install is deprecated -W ignore:easy_install command is deprecated setup.py develop --editable --build-directory /home/yejin/ros2_ws/build/lidar_perception_pkg/build --no-deps symlink_data
[1.217s] DEBUG:colcon.colcon_core.event_handler.log_command:Invoking command in '/home/yejin/ros2_ws/build/decision_making_pkg': PYTHONPATH=/home/yejin/ros2_ws/build/decision_making_pkg/prefix_override:/usr/lib/python3/dist-packages/colcon_core/task/python/colcon_distutils_commands:/home/yejin/ros2_ws/install/decision_making_pkg/lib/python3.10/site-packages:${PYTHONPATH} /usr/bin/python3 -W ignore:setup.py install is deprecated -W ignore:easy_install command is deprecated setup.py develop --editable --build-directory /home/yejin/ros2_ws/build/decision_making_pkg/build --no-deps symlink_data
[1.227s] DEBUG:colcon.colcon_core.event_handler.log_command:Invoking command in '/home/yejin/ros2_ws/build/serial_communication_pkg': PYTHONPATH=/home/yejin/ros2_ws/build/serial_communication_pkg/prefix_override:/usr/lib/python3/dist-packages/colcon_core/task/python/colcon_distutils_commands:/home/yejin/ros2_ws/install/serial_communication_pkg/lib/python3.10/site-packages:${PYTHONPATH} /usr/bin/python3 -W ignore:setup.py install is deprecated -W ignore:easy_install command is deprecated setup.py develop --editable --build-directory /home/yejin/ros2_ws/build/serial_communication_pkg/build --no-deps symlink_data
[1.231s] DEBUG:colcon.colcon_core.event_handler.log_command:Invoking command in '/home/yejin/ros2_ws/build/debug_pkg': PYTHONPATH=/home/yejin/ros2_ws/build/debug_pkg/prefix_override:/usr/lib/python3/dist-packages/colcon_core/task/python/colcon_distutils_commands:/home/yejin/ros2_ws/install/debug_pkg/lib/python3.10/site-packages:${PYTHONPATH} /usr/bin/python3 -W ignore:setup.py install is deprecated -W ignore:easy_install command is deprecated setup.py develop --editable --build-directory /home/yejin/ros2_ws/build/debug_pkg/build --no-deps symlink_data
[1.474s] Level 1:colcon.colcon_core.shell:create_environment_hook('lidar_perception_pkg', 'pythonpath_develop')
[1.475s] INFO:colcon.colcon_core.shell:Creating environment hook '/home/yejin/ros2_ws/build/lidar_perception_pkg/share/lidar_perception_pkg/hook/pythonpath_develop.ps1'
[1.475s] DEBUG:colcon.colcon_core.event_handler.log_command:Invoked command in '/home/yejin/ros2_ws/build/lidar_perception_pkg' returned '0': PYTHONPATH=/home/yejin/ros2_ws/build/lidar_perception_pkg/prefix_override:/usr/lib/python3/dist-packages/colcon_core/task/python/colcon_distutils_commands:/home/yejin/ros2_ws/install/lidar_perception_pkg/lib/python3.10/site-packages:${PYTHONPATH} /usr/bin/python3 -W ignore:setup.py install is deprecated -W ignore:easy_install command is deprecated setup.py develop --editable --build-directory /home/yejin/ros2_ws/build/lidar_perception_pkg/build --no-deps symlink_data
[1.476s] INFO:colcon.colcon_core.shell:Creating environment descriptor '/home/yejin/ros2_ws/build/lidar_perception_pkg/share/lidar_perception_pkg/hook/pythonpath_develop.dsv'
[1.477s] INFO:colcon.colcon_core.shell:Creating environment hook '/home/yejin/ros2_ws/build/lidar_perception_pkg/share/lidar_perception_pkg/hook/pythonpath_develop.sh'
[1.478s] Level 1:colcon.colcon_core.environment:checking '/home/yejin/ros2_ws/install/lidar_perception_pkg' for CMake module files
[1.479s] Level 1:colcon.colcon_core.environment:checking '/home/yejin/ros2_ws/install/lidar_perception_pkg' for CMake config files
[1.480s] Level 1:colcon.colcon_core.environment:checking '/home/yejin/ros2_ws/install/lidar_perception_pkg/lib'
[1.480s] Level 1:colcon.colcon_core.environment:checking '/home/yejin/ros2_ws/install/lidar_perception_pkg/bin'
[1.480s] Level 1:colcon.colcon_core.environment:checking '/home/yejin/ros2_ws/install/lidar_perception_pkg/lib/pkgconfig/lidar_perception_pkg.pc'
[1.480s] Level 1:colcon.colcon_core.environment:checking '/home/yejin/ros2_ws/install/lidar_perception_pkg/lib/python3.10/site-packages'
[1.480s] Level 1:colcon.colcon_core.shell:create_environment_hook('lidar_perception_pkg', 'pythonpath')
[1.481s] INFO:colcon.colcon_core.shell:Creating environment hook '/home/yejin/ros2_ws/install/lidar_perception_pkg/share/lidar_perception_pkg/hook/pythonpath.ps1'
[1.481s] INFO:colcon.colcon_core.shell:Creating environment descriptor '/home/yejin/ros2_ws/install/lidar_perception_pkg/share/lidar_perception_pkg/hook/pythonpath.dsv'
[1.482s] INFO:colcon.colcon_core.shell:Creating environment hook '/home/yejin/ros2_ws/install/lidar_perception_pkg/share/lidar_perception_pkg/hook/pythonpath.sh'
[1.482s] Level 1:colcon.colcon_core.environment:checking '/home/yejin/ros2_ws/install/lidar_perception_pkg/bin'
[1.482s] Level 1:colcon.colcon_core.environment:create_environment_scripts_only(lidar_perception_pkg)
[1.483s] INFO:colcon.colcon_core.shell:Creating package script '/home/yejin/ros2_ws/install/lidar_perception_pkg/share/lidar_perception_pkg/package.ps1'
[1.484s] INFO:colcon.colcon_core.shell:Creating package descriptor '/home/yejin/ros2_ws/install/lidar_perception_pkg/share/lidar_perception_pkg/package.dsv'
[1.484s] INFO:colcon.colcon_core.shell:Creating package script '/home/yejin/ros2_ws/install/lidar_perception_pkg/share/lidar_perception_pkg/package.sh'
[1.485s] INFO:colcon.colcon_core.shell:Creating package script '/home/yejin/ros2_ws/install/lidar_perception_pkg/share/lidar_perception_pkg/package.bash'
[1.485s] INFO:colcon.colcon_core.shell:Creating package script '/home/yejin/ros2_ws/install/lidar_perception_pkg/share/lidar_perception_pkg/package.zsh'
[1.485s] Level 1:colcon.colcon_core.environment:create_file_with_runtime_dependencies(/home/yejin/ros2_ws/install/lidar_perception_pkg/share/colcon-core/packages/lidar_perception_pkg)
[1.487s] Level 1:colcon.colcon_core.shell:create_environment_hook('camera_perception_pkg', 'pythonpath_develop')
[1.487s] DEBUG:colcon.colcon_core.event_handler.log_command:Invoked command in '/home/yejin/ros2_ws/build/camera_perception_pkg' returned '0': PYTHONPATH=/home/yejin/ros2_ws/build/camera_perception_pkg/prefix_override:/usr/lib/python3/dist-packages/colcon_core/task/python/colcon_distutils_commands:/home/yejin/ros2_ws/install/camera_perception_pkg/lib/python3.10/site-packages:${PYTHONPATH} /usr/bin/python3 -W ignore:setup.py install is deprecated -W ignore:easy_install command is deprecated setup.py develop --editable --build-directory /home/yejin/ros2_ws/build/camera_perception_pkg/build --no-deps symlink_data
[1.487s] INFO:colcon.colcon_core.shell:Creating environment hook '/home/yejin/ros2_ws/build/camera_perception_pkg/share/camera_perception_pkg/hook/pythonpath_develop.ps1'
[1.488s] INFO:colcon.colcon_core.shell:Creating environment descriptor '/home/yejin/ros2_ws/build/camera_perception_pkg/share/camera_perception_pkg/hook/pythonpath_develop.dsv'
[1.488s] INFO:colcon.colcon_core.shell:Creating environment hook '/home/yejin/ros2_ws/build/camera_perception_pkg/share/camera_perception_pkg/hook/pythonpath_develop.sh'
[1.489s] Level 1:colcon.colcon_core.environment:checking '/home/yejin/ros2_ws/install/camera_perception_pkg' for CMake module files
[1.489s] Level 1:colcon.colcon_core.environment:checking '/home/yejin/ros2_ws/install/camera_perception_pkg' for CMake config files
[1.489s] Level 1:colcon.colcon_core.environment:checking '/home/yejin/ros2_ws/install/camera_perception_pkg/lib'
[1.489s] Level 1:colcon.colcon_core.environment:checking '/home/yejin/ros2_ws/install/camera_perception_pkg/bin'
[1.489s] Level 1:colcon.colcon_core.environment:checking '/home/yejin/ros2_ws/install/camera_perception_pkg/lib/pkgconfig/camera_perception_pkg.pc'
[1.489s] Level 1:colcon.colcon_core.environment:checking '/home/yejin/ros2_ws/install/camera_perception_pkg/lib/python3.10/site-packages'
[1.489s] Level 1:colcon.colcon_core.shell:create_environment_hook('camera_perception_pkg', 'pythonpath')
[1.489s] INFO:colcon.colcon_core.shell:Creating environment hook '/home/yejin/ros2_ws/install/camera_perception_pkg/share/camera_perception_pkg/hook/pythonpath.ps1'
[1.490s] INFO:colcon.colcon_core.shell:Creating environment descriptor '/home/yejin/ros2_ws/install/camera_perception_pkg/share/camera_perception_pkg/hook/pythonpath.dsv'
[1.490s] INFO:colcon.colcon_core.shell:Creating environment hook '/home/yejin/ros2_ws/install/camera_perception_pkg/share/camera_perception_pkg/hook/pythonpath.sh'
[1.490s] Level 1:colcon.colcon_core.environment:checking '/home/yejin/ros2_ws/install/camera_perception_pkg/bin'
[1.490s] Level 1:colcon.colcon_core.environment:create_environment_scripts_only(camera_perception_pkg)
[1.490s] INFO:colcon.colcon_core.shell:Creating package script '/home/yejin/ros2_ws/install/camera_perception_pkg/share/camera_perception_pkg/package.ps1'
[1.491s] INFO:colcon.colcon_core.shell:Creating package descriptor '/home/yejin/ros2_ws/install/camera_perception_pkg/share/camera_perception_pkg/package.dsv'
[1.491s] INFO:colcon.colcon_core.shell:Creating package script '/home/yejin/ros2_ws/install/camera_perception_pkg/share/camera_perception_pkg/package.sh'
[1.491s] INFO:colcon.colcon_core.shell:Creating package script '/home/yejin/ros2_ws/install/camera_perception_pkg/share/camera_perception_pkg/package.bash'
[1.491s] INFO:colcon.colcon_core.shell:Creating package script '/home/yejin/ros2_ws/install/camera_perception_pkg/share/camera_perception_pkg/package.zsh'
[1.492s] Level 1:colcon.colcon_core.environment:create_file_with_runtime_dependencies(/home/yejin/ros2_ws/install/camera_perception_pkg/share/colcon-core/packages/camera_perception_pkg)
[1.492s] Level 1:colcon.colcon_core.shell:create_environment_hook('decision_making_pkg', 'pythonpath_develop')
[1.492s] DEBUG:colcon.colcon_core.event_handler.log_command:Invoked command in '/home/yejin/ros2_ws/build/decision_making_pkg' returned '0': PYTHONPATH=/home/yejin/ros2_ws/build/decision_making_pkg/prefix_override:/usr/lib/python3/dist-packages/colcon_core/task/python/colcon_distutils_commands:/home/yejin/ros2_ws/install/decision_making_pkg/lib/python3.10/site-packages:${PYTHONPATH} /usr/bin/python3 -W ignore:setup.py install is deprecated -W ignore:easy_install command is deprecated setup.py develop --editable --build-directory /home/yejin/ros2_ws/build/decision_making_pkg/build --no-deps symlink_data
[1.492s] INFO:colcon.colcon_core.shell:Creating environment hook '/home/yejin/ros2_ws/build/decision_making_pkg/share/decision_making_pkg/hook/pythonpath_develop.ps1'
[1.493s] INFO:colcon.colcon_core.shell:Creating environment descriptor '/home/yejin/ros2_ws/build/decision_making_pkg/share/decision_making_pkg/hook/pythonpath_develop.dsv'
[1.493s] INFO:colcon.colcon_core.shell:Creating environment hook '/home/yejin/ros2_ws/build/decision_making_pkg/share/decision_making_pkg/hook/pythonpath_develop.sh'
[1.493s] Level 1:colcon.colcon_core.environment:checking '/home/yejin/ros2_ws/install/decision_making_pkg' for CMake module files
[1.493s] Level 1:colcon.colcon_core.environment:checking '/home/yejin/ros2_ws/install/decision_making_pkg' for CMake config files
[1.494s] Level 1:colcon.colcon_core.environment:checking '/home/yejin/ros2_ws/install/decision_making_pkg/lib'
[1.494s] Level 1:colcon.colcon_core.environment:checking '/home/yejin/ros2_ws/install/decision_making_pkg/bin'
[1.494s] Level 1:colcon.colcon_core.environment:checking '/home/yejin/ros2_ws/install/decision_making_pkg/lib/pkgconfig/decision_making_pkg.pc'
[1.494s] Level 1:colcon.colcon_core.environment:checking '/home/yejin/ros2_ws/install/decision_making_pkg/lib/python3.10/site-packages'
[1.494s] Level 1:colcon.colcon_core.shell:create_environment_hook('decision_making_pkg', 'pythonpath')
[1.494s] INFO:colcon.colcon_core.shell:Creating environment hook '/home/yejin/ros2_ws/install/decision_making_pkg/share/decision_making_pkg/hook/pythonpath.ps1'
[1.494s] INFO:colcon.colcon_core.shell:Creating environment descriptor '/home/yejin/ros2_ws/install/decision_making_pkg/share/decision_making_pkg/hook/pythonpath.dsv'
[1.494s] INFO:colcon.colcon_core.shell:Creating environment hook '/home/yejin/ros2_ws/install/decision_making_pkg/share/decision_making_pkg/hook/pythonpath.sh'
[1.495s] Level 1:colcon.colcon_core.environment:checking '/home/yejin/ros2_ws/install/decision_making_pkg/bin'
[1.495s] Level 1:colcon.colcon_core.environment:create_environment_scripts_only(decision_making_pkg)
[1.495s] INFO:colcon.colcon_core.shell:Creating package script '/home/yejin/ros2_ws/install/decision_making_pkg/share/decision_making_pkg/package.ps1'
[1.495s] INFO:colcon.colcon_core.shell:Creating package descriptor '/home/yejin/ros2_ws/install/decision_making_pkg/share/decision_making_pkg/package.dsv'
[1.495s] INFO:colcon.colcon_core.shell:Creating package script '/home/yejin/ros2_ws/install/decision_making_pkg/share/decision_making_pkg/package.sh'
[1.496s] INFO:colcon.colcon_core.shell:Creating package script '/home/yejin/ros2_ws/install/decision_making_pkg/share/decision_making_pkg/package.bash'
[1.496s] INFO:colcon.colcon_core.shell:Creating package script '/home/yejin/ros2_ws/install/decision_making_pkg/share/decision_making_pkg/package.zsh'
[1.496s] Level 1:colcon.colcon_core.environment:create_file_with_runtime_dependencies(/home/yejin/ros2_ws/install/decision_making_pkg/share/colcon-core/packages/decision_making_pkg)
[1.501s] Level 1:colcon.colcon_core.shell:create_environment_hook('serial_communication_pkg', 'pythonpath_develop')
[1.502s] INFO:colcon.colcon_core.shell:Creating environment hook '/home/yejin/ros2_ws/build/serial_communication_pkg/share/serial_communication_pkg/hook/pythonpath_develop.ps1'
[1.502s] DEBUG:colcon.colcon_core.event_handler.log_command:Invoked command in '/home/yejin/ros2_ws/build/serial_communication_pkg' returned '0': PYTHONPATH=/home/yejin/ros2_ws/build/serial_communication_pkg/prefix_override:/usr/lib/python3/dist-packages/colcon_core/task/python/colcon_distutils_commands:/home/yejin/ros2_ws/install/serial_communication_pkg/lib/python3.10/site-packages:${PYTHONPATH} /usr/bin/python3 -W ignore:setup.py install is deprecated -W ignore:easy_install command is deprecated setup.py develop --editable --build-directory /home/yejin/ros2_ws/build/serial_communication_pkg/build --no-deps symlink_data
[1.503s] INFO:colcon.colcon_core.shell:Creating environment descriptor '/home/yejin/ros2_ws/build/serial_communication_pkg/share/serial_communication_pkg/hook/pythonpath_develop.dsv'
[1.503s] INFO:colcon.colcon_core.shell:Creating environment hook '/home/yejin/ros2_ws/build/serial_communication_pkg/share/serial_communication_pkg/hook/pythonpath_develop.sh'
[1.504s] Level 1:colcon.colcon_core.environment:checking '/home/yejin/ros2_ws/install/serial_communication_pkg' for CMake module files
[1.504s] Level 1:colcon.colcon_core.environment:checking '/home/yejin/ros2_ws/install/serial_communication_pkg' for CMake config files
[1.504s] Level 1:colcon.colcon_core.environment:checking '/home/yejin/ros2_ws/install/serial_communication_pkg/lib'
[1.504s] Level 1:colcon.colcon_core.environment:checking '/home/yejin/ros2_ws/install/serial_communication_pkg/bin'
[1.504s] Level 1:colcon.colcon_core.environment:checking '/home/yejin/ros2_ws/install/serial_communication_pkg/lib/pkgconfig/serial_communication_pkg.pc'
[1.505s] Level 1:colcon.colcon_core.environment:checking '/home/yejin/ros2_ws/install/serial_communication_pkg/lib/python3.10/site-packages'
[1.505s] Level 1:colcon.colcon_core.shell:create_environment_hook('serial_communication_pkg', 'pythonpath')
[1.505s] INFO:colcon.colcon_core.shell:Creating environment hook '/home/yejin/ros2_ws/install/serial_communication_pkg/share/serial_communication_pkg/hook/pythonpath.ps1'
[1.505s] INFO:colcon.colcon_core.shell:Creating environment descriptor '/home/yejin/ros2_ws/install/serial_communication_pkg/share/serial_communication_pkg/hook/pythonpath.dsv'
[1.505s] INFO:colcon.colcon_core.shell:Creating environment hook '/home/yejin/ros2_ws/install/serial_communication_pkg/share/serial_communication_pkg/hook/pythonpath.sh'
[1.505s] Level 1:colcon.colcon_core.environment:checking '/home/yejin/ros2_ws/install/serial_communication_pkg/bin'
[1.505s] Level 1:colcon.colcon_core.environment:create_environment_scripts_only(serial_communication_pkg)
[1.506s] INFO:colcon.colcon_core.shell:Creating package script '/home/yejin/ros2_ws/install/serial_communication_pkg/share/serial_communication_pkg/package.ps1'
[1.506s] INFO:colcon.colcon_core.shell:Creating package descriptor '/home/yejin/ros2_ws/install/serial_communication_pkg/share/serial_communication_pkg/package.dsv'
[1.506s] INFO:colcon.colcon_core.shell:Creating package script '/home/yejin/ros2_ws/install/serial_communication_pkg/share/serial_communication_pkg/package.sh'
[1.506s] INFO:colcon.colcon_core.shell:Creating package script '/home/yejin/ros2_ws/install/serial_communication_pkg/share/serial_communication_pkg/package.bash'
[1.507s] INFO:colcon.colcon_core.shell:Creating package script '/home/yejin/ros2_ws/install/serial_communication_pkg/share/serial_communication_pkg/package.zsh'
[1.507s] Level 1:colcon.colcon_core.environment:create_file_with_runtime_dependencies(/home/yejin/ros2_ws/install/serial_communication_pkg/share/colcon-core/packages/serial_communication_pkg)
[1.507s] Level 1:colcon.colcon_core.shell:create_environment_hook('debug_pkg', 'pythonpath_develop')
[1.508s] INFO:colcon.colcon_core.shell:Creating environment hook '/home/yejin/ros2_ws/build/debug_pkg/share/debug_pkg/hook/pythonpath_develop.ps1'
[1.508s] DEBUG:colcon.colcon_core.event_handler.log_command:Invoked command in '/home/yejin/ros2_ws/build/debug_pkg' returned '0': PYTHONPATH=/home/yejin/ros2_ws/build/debug_pkg/prefix_override:/usr/lib/python3/dist-packages/colcon_core/task/python/colcon_distutils_commands:/home/yejin/ros2_ws/install/debug_pkg/lib/python3.10/site-packages:${PYTHONPATH} /usr/bin/python3 -W ignore:setup.py install is deprecated -W ignore:easy_install command is deprecated setup.py develop --editable --build-directory /home/yejin/ros2_ws/build/debug_pkg/build --no-deps symlink_data
[1.508s] INFO:colcon.colcon_core.shell:Creating environment descriptor '/home/yejin/ros2_ws/build/debug_pkg/share/debug_pkg/hook/pythonpath_develop.dsv'
[1.508s] INFO:colcon.colcon_core.shell:Creating environment hook '/home/yejin/ros2_ws/build/debug_pkg/share/debug_pkg/hook/pythonpath_develop.sh'
[1.508s] Level 1:colcon.colcon_core.environment:checking '/home/yejin/ros2_ws/install/debug_pkg' for CMake module files
[1.509s] Level 1:colcon.colcon_core.environment:checking '/home/yejin/ros2_ws/install/debug_pkg' for CMake config files
[1.509s] Level 1:colcon.colcon_core.environment:checking '/home/yejin/ros2_ws/install/debug_pkg/lib'
[1.509s] Level 1:colcon.colcon_core.environment:checking '/home/yejin/ros2_ws/install/debug_pkg/bin'
[1.509s] Level 1:colcon.colcon_core.environment:checking '/home/yejin/ros2_ws/install/debug_pkg/lib/pkgconfig/debug_pkg.pc'
[1.509s] Level 1:colcon.colcon_core.environment:checking '/home/yejin/ros2_ws/install/debug_pkg/lib/python3.10/site-packages'
[1.509s] Level 1:colcon.colcon_core.shell:create_environment_hook('debug_pkg', 'pythonpath')
[1.509s] INFO:colcon.colcon_core.shell:Creating environment hook '/home/yejin/ros2_ws/install/debug_pkg/share/debug_pkg/hook/pythonpath.ps1'
[1.509s] INFO:colcon.colcon_core.shell:Creating environment descriptor '/home/yejin/ros2_ws/install/debug_pkg/share/debug_pkg/hook/pythonpath.dsv'
[1.509s] INFO:colcon.colcon_core.shell:Creating environment hook '/home/yejin/ros2_ws/install/debug_pkg/share/debug_pkg/hook/pythonpath.sh'
[1.510s] Level 1:colcon.colcon_core.environment:checking '/home/yejin/ros2_ws/install/debug_pkg/bin'
[1.510s] Level 1:colcon.colcon_core.environment:create_environment_scripts_only(debug_pkg)
[1.510s] INFO:colcon.colcon_core.shell:Creating package script '/home/yejin/ros2_ws/install/debug_pkg/share/debug_pkg/package.ps1'
[1.510s] INFO:colcon.colcon_core.shell:Creating package descriptor '/home/yejin/ros2_ws/install/debug_pkg/share/debug_pkg/package.dsv'
[1.510s] INFO:colcon.colcon_core.shell:Creating package script '/home/yejin/ros2_ws/install/debug_pkg/share/debug_pkg/package.sh'
[1.510s] INFO:colcon.colcon_core.shell:Creating package script '/home/yejin/ros2_ws/install/debug_pkg/share/debug_pkg/package.bash'
[1.511s] INFO:colcon.colcon_core.shell:Creating package script '/home/yejin/ros2_ws/install/debug_pkg/share/debug_pkg/package.zsh'
[1.511s] Level 1:colcon.colcon_core.environment:create_file_with_runtime_dependencies(/home/yejin/ros2_ws/install/debug_pkg/share/colcon-core/packages/debug_pkg)
[1.511s] DEBUG:colcon.colcon_parallel_executor.executor.parallel:closing loop
[1.511s] DEBUG:colcon.colcon_parallel_executor.executor.parallel:loop closed
[1.511s] DEBUG:colcon.colcon_parallel_executor.executor.parallel:run_until_complete finished with '0'
[1.511s] DEBUG:colcon.colcon_core.event_reactor:joining thread
[1.514s] INFO:colcon.colcon_core.plugin_system:Skipping extension 'colcon_notification.desktop_notification.terminal_notifier': Not used on non-Darwin systems
[1.514s] INFO:colcon.colcon_core.plugin_system:Skipping extension 'colcon_notification.desktop_notification.win32': Not used on non-Windows systems
[1.514s] INFO:colcon.colcon_notification.desktop_notification:Sending desktop notification using 'notify2'
[1.523s] DEBUG:colcon.colcon_core.event_reactor:joined thread
[1.524s] INFO:colcon.colcon_core.shell:Creating prefix script '/home/yejin/ros2_ws/install/local_setup.ps1'
[1.524s] INFO:colcon.colcon_core.shell:Creating prefix util module '/home/yejin/ros2_ws/install/_local_setup_util_ps1.py'
[1.525s] INFO:colcon.colcon_core.shell:Creating prefix chain script '/home/yejin/ros2_ws/install/setup.ps1'
[1.526s] INFO:colcon.colcon_core.shell:Creating prefix script '/home/yejin/ros2_ws/install/local_setup.sh'
[1.526s] INFO:colcon.colcon_core.shell:Creating prefix util module '/home/yejin/ros2_ws/install/_local_setup_util_sh.py'
[1.526s] INFO:colcon.colcon_core.shell:Creating prefix chain script '/home/yejin/ros2_ws/install/setup.sh'
[1.527s] INFO:colcon.colcon_core.shell:Creating prefix script '/home/yejin/ros2_ws/install/local_setup.bash'
[1.527s] INFO:colcon.colcon_core.shell:Creating prefix chain script '/home/yejin/ros2_ws/install/setup.bash'
[1.528s] INFO:colcon.colcon_core.shell:Creating prefix script '/home/yejin/ros2_ws/install/local_setup.zsh'
[1.528s] INFO:colcon.colcon_core.shell:Creating prefix chain script '/home/yejin/ros2_ws/install/setup.zsh'
