[0.365s] Invoking command in '/home/yejin/ros2_ws/build/camera_perception_pkg': PYTHONPATH=/home/yejin/ros2_ws/build/camera_perception_pkg/prefix_override:/usr/lib/python3/dist-packages/colcon_core/task/python/colcon_distutils_commands:/home/yejin/ros2_ws/install/camera_perception_pkg/lib/python3.10/site-packages:${PYTHONPATH} /usr/bin/python3 -W ignore:setup.py install is deprecated -W ignore:easy_install command is deprecated setup.py develop --editable --build-directory /home/yejin/ros2_ws/build/camera_perception_pkg/build --no-deps symlink_data
[0.507s] running develop
[0.585s] running egg_info
[0.585s] creating camera_perception_pkg.egg-info
[0.585s] writing camera_perception_pkg.egg-info/PKG-INFO
[0.585s] writing dependency_links to camera_perception_pkg.egg-info/dependency_links.txt
[0.585s] writing entry points to camera_perception_pkg.egg-info/entry_points.txt
[0.585s] writing requirements to camera_perception_pkg.egg-info/requires.txt
[0.585s] writing top-level names to camera_perception_pkg.egg-info/top_level.txt
[0.585s] writing manifest file 'camera_perception_pkg.egg-info/SOURCES.txt'
[0.586s] reading manifest file 'camera_perception_pkg.egg-info/SOURCES.txt'
[0.587s] writing manifest file 'camera_perception_pkg.egg-info/SOURCES.txt'
[0.587s] running build_ext
[0.587s] Creating /home/yejin/ros2_ws/install/camera_perception_pkg/lib/python3.10/site-packages/camera-perception-pkg.egg-link (link to .)
[0.588s] Installing image_publisher_node script to /home/yejin/ros2_ws/install/camera_perception_pkg/lib/camera_perception_pkg
[0.588s] Installing lane_info_extractor_node script to /home/yejin/ros2_ws/install/camera_perception_pkg/lib/camera_perception_pkg
[0.588s] Installing traffic_light_detector_node script to /home/yejin/ros2_ws/install/camera_perception_pkg/lib/camera_perception_pkg
[0.588s] Installing yolov8_node script to /home/yejin/ros2_ws/install/camera_perception_pkg/lib/camera_perception_pkg
[0.588s] 
[0.588s] Installed /home/yejin/ros2_ws/build/camera_perception_pkg
[0.588s] running symlink_data
[0.588s] creating /home/yejin/ros2_ws/install/camera_perception_pkg/share/ament_index
[0.588s] creating /home/yejin/ros2_ws/install/camera_perception_pkg/share/ament_index/resource_index
[0.588s] creating /home/yejin/ros2_ws/install/camera_perception_pkg/share/ament_index/resource_index/packages
[0.588s] symbolically linking /home/yejin/ros2_ws/build/camera_perception_pkg/resource/camera_perception_pkg -> /home/yejin/ros2_ws/install/camera_perception_pkg/share/ament_index/resource_index/packages
[0.589s] symbolically linking /home/yejin/ros2_ws/build/camera_perception_pkg/package.xml -> /home/yejin/ros2_ws/install/camera_perception_pkg/share/camera_perception_pkg
[0.605s] Invoked command in '/home/yejin/ros2_ws/build/camera_perception_pkg' returned '0': PYTHONPATH=/home/yejin/ros2_ws/build/camera_perception_pkg/prefix_override:/usr/lib/python3/dist-packages/colcon_core/task/python/colcon_distutils_commands:/home/yejin/ros2_ws/install/camera_perception_pkg/lib/python3.10/site-packages:${PYTHONPATH} /usr/bin/python3 -W ignore:setup.py install is deprecated -W ignore:easy_install command is deprecated setup.py develop --editable --build-directory /home/yejin/ros2_ws/build/camera_perception_pkg/build --no-deps symlink_data
