[0.966s] Invoking command in '/home/yejin/ros2_ws/build/decision_making_pkg': PYTHONPATH=/home/yejin/ros2_ws/build/decision_making_pkg/prefix_override:/usr/lib/python3/dist-packages/colcon_core/task/python/colcon_distutils_commands:/home/yejin/ros2_ws/install/decision_making_pkg/lib/python3.10/site-packages:${PYTHONPATH} /usr/bin/python3 -W ignore:setup.py install is deprecated -W ignore:easy_install command is deprecated setup.py develop --editable --build-directory /home/yejin/ros2_ws/build/decision_making_pkg/build --no-deps symlink_data
[1.120s] running develop
[1.207s] running egg_info
[1.207s] creating decision_making_pkg.egg-info
[1.208s] writing decision_making_pkg.egg-info/PKG-INFO
[1.208s] writing dependency_links to decision_making_pkg.egg-info/dependency_links.txt
[1.208s] writing entry points to decision_making_pkg.egg-info/entry_points.txt
[1.208s] writing requirements to decision_making_pkg.egg-info/requires.txt
[1.208s] writing top-level names to decision_making_pkg.egg-info/top_level.txt
[1.209s] writing manifest file 'decision_making_pkg.egg-info/SOURCES.txt'
[1.209s] reading manifest file 'decision_making_pkg.egg-info/SOURCES.txt'
[1.209s] writing manifest file 'decision_making_pkg.egg-info/SOURCES.txt'
[1.209s] running build_ext
[1.209s] Creating /home/yejin/ros2_ws/install/decision_making_pkg/lib/python3.10/site-packages/decision-making-pkg.egg-link (link to .)
[1.209s] Installing motion_planner_node script to /home/yejin/ros2_ws/install/decision_making_pkg/lib/decision_making_pkg
[1.209s] Installing path_planner_node script to /home/yejin/ros2_ws/install/decision_making_pkg/lib/decision_making_pkg
[1.209s] 
[1.210s] Installed /home/yejin/ros2_ws/build/decision_making_pkg
[1.210s] running symlink_data
[1.210s] creating /home/yejin/ros2_ws/install/decision_making_pkg/share/ament_index
[1.210s] creating /home/yejin/ros2_ws/install/decision_making_pkg/share/ament_index/resource_index
[1.210s] creating /home/yejin/ros2_ws/install/decision_making_pkg/share/ament_index/resource_index/packages
[1.210s] symbolically linking /home/yejin/ros2_ws/build/decision_making_pkg/resource/decision_making_pkg -> /home/yejin/ros2_ws/install/decision_making_pkg/share/ament_index/resource_index/packages
[1.210s] symbolically linking /home/yejin/ros2_ws/build/decision_making_pkg/package.xml -> /home/yejin/ros2_ws/install/decision_making_pkg/share/decision_making_pkg
[1.238s] Invoked command in '/home/yejin/ros2_ws/build/decision_making_pkg' returned '0': PYTHONPATH=/home/yejin/ros2_ws/build/decision_making_pkg/prefix_override:/usr/lib/python3/dist-packages/colcon_core/task/python/colcon_distutils_commands:/home/yejin/ros2_ws/install/decision_making_pkg/lib/python3.10/site-packages:${PYTHONPATH} /usr/bin/python3 -W ignore:setup.py install is deprecated -W ignore:easy_install command is deprecated setup.py develop --editable --build-directory /home/yejin/ros2_ws/build/decision_making_pkg/build --no-deps symlink_data
